{"C:\\Users\\Aj\\HackReactor\\FEC-retry\\fec2025\\client\\src\\components\\App.jsx": {"path":"C:\\Users\\Aj\\HackReactor\\FEC-retry\\fec2025\\client\\src\\components\\App.jsx","statementMap":{"0":{"start":{"line":14,"column":12},"end":{"line":48,"column":1}},"1":{"start":{"line":15,"column":18},"end":{"line":15,"column":53}},"2":{"start":{"line":15,"column":39},"end":{"line":15,"column":52}},"3":{"start":{"line":16,"column":19},"end":{"line":16,"column":32}},"4":{"start":{"line":18,"column":16},"end":{"line":18,"column":36}},"5":{"start":{"line":20,"column":2},"end":{"line":33,"column":17}},"6":{"start":{"line":21,"column":4},"end":{"line":32,"column":8}},"7":{"start":{"line":23,"column":8},"end":{"line":23,"column":57}},"8":{"start":{"line":27,"column":8},"end":{"line":31,"column":9}},"9":{"start":{"line":28,"column":10},"end":{"line":28,"column":83}},"10":{"start":{"line":30,"column":10},"end":{"line":30,"column":70}},"11":{"start":{"line":35,"column":2},"end":{"line":47,"column":4}},"12":{"start":{"line":50,"column":0},"end":{"line":52,"column":1}}},"fnMap":{"0":{"name":"(anonymous_0)","decl":{"start":{"line":14,"column":12},"end":{"line":14,"column":13}},"loc":{"start":{"line":14,"column":24},"end":{"line":48,"column":1}},"line":14},"1":{"name":"(anonymous_1)","decl":{"start":{"line":15,"column":30},"end":{"line":15,"column":31}},"loc":{"start":{"line":15,"column":39},"end":{"line":15,"column":52}},"line":15},"2":{"name":"(anonymous_2)","decl":{"start":{"line":20,"column":12},"end":{"line":20,"column":13}},"loc":{"start":{"line":20,"column":18},"end":{"line":33,"column":3}},"line":20},"3":{"name":"(anonymous_3)","decl":{"start":{"line":22,"column":12},"end":{"line":22,"column":13}},"loc":{"start":{"line":22,"column":24},"end":{"line":25,"column":7}},"line":22},"4":{"name":"(anonymous_4)","decl":{"start":{"line":26,"column":13},"end":{"line":26,"column":14}},"loc":{"start":{"line":26,"column":22},"end":{"line":32,"column":7}},"line":26}},"branchMap":{"0":{"loc":{"start":{"line":18,"column":16},"end":{"line":18,"column":36}},"type":"binary-expr","locations":[{"start":{"line":18,"column":16},"end":{"line":18,"column":26}},{"start":{"line":18,"column":31},"end":{"line":18,"column":36}}],"line":18},"1":{"loc":{"start":{"line":27,"column":8},"end":{"line":31,"column":9}},"type":"if","locations":[{"start":{"line":27,"column":8},"end":{"line":31,"column":9}},{"start":{"line":29,"column":15},"end":{"line":31,"column":9}}],"line":27}},"s":{"0":1,"1":4,"2":8,"3":4,"4":4,"5":4,"6":2,"7":2,"8":0,"9":0,"10":0,"11":4,"12":1},"f":{"0":4,"1":8,"2":2,"3":2,"4":0},"b":{"0":[4,4],"1":[0,0]},"_coverageSchema":"1a1c01bbd47fc00a2c39e90264f33305004495a9","hash":"e34e465b9a18ae51704aed59937f48420c7985e2"}
,"C:\\Users\\Aj\\HackReactor\\FEC-retry\\fec2025\\client\\src\\components\\Overview\\overview.jsx": {"path":"C:\\Users\\Aj\\HackReactor\\FEC-retry\\fec2025\\client\\src\\components\\Overview\\overview.jsx","statementMap":{"0":{"start":{"line":24,"column":17},"end":{"line":119,"column":1}},"1":{"start":{"line":25,"column":19},"end":{"line":25,"column":32}},"2":{"start":{"line":26,"column":18},"end":{"line":26,"column":53}},"3":{"start":{"line":26,"column":39},"end":{"line":26,"column":52}},"4":{"start":{"line":28,"column":22},"end":{"line":28,"column":61}},"5":{"start":{"line":28,"column":43},"end":{"line":28,"column":60}},"6":{"start":{"line":31,"column":22},"end":{"line":31,"column":61}},"7":{"start":{"line":31,"column":43},"end":{"line":31,"column":60}},"8":{"start":{"line":32,"column":28},"end":{"line":32,"column":40}},"9":{"start":{"line":33,"column":28},"end":{"line":33,"column":39}},"10":{"start":{"line":38,"column":2},"end":{"line":50,"column":18}},"11":{"start":{"line":39,"column":4},"end":{"line":48,"column":5}},"12":{"start":{"line":41,"column":22},"end":{"line":41,"column":23}},"13":{"start":{"line":42,"column":6},"end":{"line":44,"column":7}},"14":{"start":{"line":42,"column":18},"end":{"line":42,"column":19}},"15":{"start":{"line":43,"column":8},"end":{"line":43,"column":41}},"16":{"start":{"line":45,"column":6},"end":{"line":45,"column":36}},"17":{"start":{"line":46,"column":6},"end":{"line":46,"column":26}},"18":{"start":{"line":51,"column":2},"end":{"line":66,"column":15}},"19":{"start":{"line":53,"column":4},"end":{"line":65,"column":5}},"20":{"start":{"line":54,"column":6},"end":{"line":64,"column":10}},"21":{"start":{"line":57,"column":10},"end":{"line":62,"column":11}},"22":{"start":{"line":58,"column":12},"end":{"line":58,"column":72}},"23":{"start":{"line":59,"column":12},"end":{"line":59,"column":86}},"24":{"start":{"line":60,"column":12},"end":{"line":60,"column":67}},"25":{"start":{"line":61,"column":12},"end":{"line":61,"column":50}},"26":{"start":{"line":68,"column":2},"end":{"line":78,"column":19}},"27":{"start":{"line":70,"column":4},"end":{"line":70,"column":42}},"28":{"start":{"line":71,"column":4},"end":{"line":77,"column":5}},"29":{"start":{"line":72,"column":6},"end":{"line":75,"column":5}},"30":{"start":{"line":80,"column":2},"end":{"line":80,"column":42}},"31":{"start":{"line":80,"column":30},"end":{"line":80,"column":41}},"32":{"start":{"line":81,"column":2},"end":{"line":118,"column":2}},"33":{"start":{"line":102,"column":27},"end":{"line":102,"column":99}}},"fnMap":{"0":{"name":"(anonymous_0)","decl":{"start":{"line":24,"column":17},"end":{"line":24,"column":18}},"loc":{"start":{"line":24,"column":23},"end":{"line":119,"column":1}},"line":24},"1":{"name":"(anonymous_1)","decl":{"start":{"line":26,"column":30},"end":{"line":26,"column":31}},"loc":{"start":{"line":26,"column":39},"end":{"line":26,"column":52}},"line":26},"2":{"name":"(anonymous_2)","decl":{"start":{"line":28,"column":34},"end":{"line":28,"column":35}},"loc":{"start":{"line":28,"column":43},"end":{"line":28,"column":60}},"line":28},"3":{"name":"(anonymous_3)","decl":{"start":{"line":31,"column":34},"end":{"line":31,"column":35}},"loc":{"start":{"line":31,"column":43},"end":{"line":31,"column":60}},"line":31},"4":{"name":"(anonymous_4)","decl":{"start":{"line":38,"column":12},"end":{"line":38,"column":13}},"loc":{"start":{"line":38,"column":18},"end":{"line":49,"column":3}},"line":38},"5":{"name":"(anonymous_5)","decl":{"start":{"line":51,"column":12},"end":{"line":51,"column":13}},"loc":{"start":{"line":51,"column":18},"end":{"line":66,"column":3}},"line":51},"6":{"name":"(anonymous_6)","decl":{"start":{"line":55,"column":14},"end":{"line":55,"column":15}},"loc":{"start":{"line":55,"column":24},"end":{"line":64,"column":9}},"line":55},"7":{"name":"(anonymous_7)","decl":{"start":{"line":68,"column":12},"end":{"line":68,"column":13}},"loc":{"start":{"line":68,"column":18},"end":{"line":78,"column":3}},"line":68},"8":{"name":"(anonymous_8)","decl":{"start":{"line":102,"column":22},"end":{"line":102,"column":23}},"loc":{"start":{"line":102,"column":26},"end":{"line":102,"column":100}},"line":102}},"branchMap":{"0":{"loc":{"start":{"line":39,"column":4},"end":{"line":48,"column":5}},"type":"if","locations":[{"start":{"line":39,"column":4},"end":{"line":48,"column":5}},{"start":{},"end":{}}],"line":39},"1":{"loc":{"start":{"line":53,"column":4},"end":{"line":65,"column":5}},"type":"if","locations":[{"start":{"line":53,"column":4},"end":{"line":65,"column":5}},{"start":{},"end":{}}],"line":53},"2":{"loc":{"start":{"line":57,"column":10},"end":{"line":62,"column":11}},"type":"if","locations":[{"start":{"line":57,"column":10},"end":{"line":62,"column":11}},{"start":{},"end":{}}],"line":57},"3":{"loc":{"start":{"line":71,"column":4},"end":{"line":77,"column":5}},"type":"if","locations":[{"start":{"line":71,"column":4},"end":{"line":77,"column":5}},{"start":{},"end":{}}],"line":71},"4":{"loc":{"start":{"line":80,"column":2},"end":{"line":80,"column":42}},"type":"if","locations":[{"start":{"line":80,"column":2},"end":{"line":80,"column":42}},{"start":{},"end":{}}],"line":80}},"s":{"0":2,"1":10,"2":10,"3":16,"4":10,"5":16,"6":10,"7":16,"8":10,"9":10,"10":10,"11":4,"12":3,"13":3,"14":3,"15":0,"16":3,"17":3,"18":10,"19":6,"20":1,"21":1,"22":0,"23":0,"24":0,"25":0,"26":10,"27":4,"28":4,"29":0,"30":10,"31":0,"32":10,"33":0},"f":{"0":10,"1":16,"2":16,"3":16,"4":4,"5":6,"6":1,"7":4,"8":0},"b":{"0":[3,1],"1":[1,5],"2":[0,1],"3":[0,4],"4":[0,10]},"_coverageSchema":"1a1c01bbd47fc00a2c39e90264f33305004495a9","hash":"f370c2551e0492e027c1bde8876c74254d588100"}
,"C:\\Users\\Aj\\HackReactor\\FEC-retry\\fec2025\\client\\src\\components\\Overview\\overviewComponents\\Gallery.jsx": {"path":"C:\\Users\\Aj\\HackReactor\\FEC-retry\\fec2025\\client\\src\\components\\Overview\\overviewComponents\\Gallery.jsx","statementMap":{"0":{"start":{"line":12,"column":16},"end":{"line":74,"column":1}},"1":{"start":{"line":13,"column":22},"end":{"line":13,"column":61}},"2":{"start":{"line":13,"column":43},"end":{"line":13,"column":60}},"3":{"start":{"line":14,"column":50},"end":{"line":14,"column":61}},"4":{"start":{"line":15,"column":35},"end":{"line":15,"column":56}},"5":{"start":{"line":16,"column":46},"end":{"line":16,"column":57}},"6":{"start":{"line":17,"column":36},"end":{"line":17,"column":50}},"7":{"start":{"line":18,"column":20},"end":{"line":18,"column":21}},"8":{"start":{"line":22,"column":2},"end":{"line":50,"column":37}},"9":{"start":{"line":23,"column":4},"end":{"line":49,"column":5}},"10":{"start":{"line":24,"column":6},"end":{"line":26,"column":7}},"11":{"start":{"line":25,"column":8},"end":{"line":25,"column":29}},"12":{"start":{"line":27,"column":6},"end":{"line":48,"column":7}},"13":{"start":{"line":28,"column":8},"end":{"line":47,"column":11}},"14":{"start":{"line":31,"column":12},"end":{"line":34,"column":13}},"15":{"start":{"line":33,"column":14},"end":{"line":33,"column":56}},"16":{"start":{"line":40,"column":12},"end":{"line":43,"column":13}},"17":{"start":{"line":42,"column":14},"end":{"line":42,"column":56}},"18":{"start":{"line":55,"column":2},"end":{"line":73,"column":3}},"19":{"start":{"line":57,"column":4},"end":{"line":70,"column":6}},"20":{"start":{"line":61,"column":10},"end":{"line":66,"column":11}},"21":{"start":{"line":64,"column":10},"end":{"line":66,"column":10}},"22":{"start":{"line":72,"column":4},"end":{"line":72,"column":16}}},"fnMap":{"0":{"name":"(anonymous_0)","decl":{"start":{"line":12,"column":16},"end":{"line":12,"column":17}},"loc":{"start":{"line":12,"column":22},"end":{"line":74,"column":1}},"line":12},"1":{"name":"(anonymous_1)","decl":{"start":{"line":13,"column":34},"end":{"line":13,"column":35}},"loc":{"start":{"line":13,"column":43},"end":{"line":13,"column":60}},"line":13},"2":{"name":"(anonymous_2)","decl":{"start":{"line":22,"column":12},"end":{"line":22,"column":13}},"loc":{"start":{"line":22,"column":18},"end":{"line":50,"column":3}},"line":22},"3":{"name":"(anonymous_3)","decl":{"start":{"line":29,"column":91},"end":{"line":29,"column":92}},"loc":{"start":{"line":29,"column":95},"end":{"line":35,"column":11}},"line":29},"4":{"name":"(anonymous_4)","decl":{"start":{"line":38,"column":95},"end":{"line":38,"column":96}},"loc":{"start":{"line":38,"column":99},"end":{"line":44,"column":11}},"line":38},"5":{"name":"(anonymous_5)","decl":{"start":{"line":60,"column":40},"end":{"line":60,"column":41}},"loc":{"start":{"line":60,"column":54},"end":{"line":66,"column":12}},"line":60}},"branchMap":{"0":{"loc":{"start":{"line":23,"column":4},"end":{"line":49,"column":5}},"type":"if","locations":[{"start":{"line":23,"column":4},"end":{"line":49,"column":5}},{"start":{},"end":{}}],"line":23},"1":{"loc":{"start":{"line":24,"column":6},"end":{"line":26,"column":7}},"type":"if","locations":[{"start":{"line":24,"column":6},"end":{"line":26,"column":7}},{"start":{},"end":{}}],"line":24},"2":{"loc":{"start":{"line":27,"column":6},"end":{"line":48,"column":7}},"type":"if","locations":[{"start":{"line":27,"column":6},"end":{"line":48,"column":7}},{"start":{},"end":{}}],"line":27},"3":{"loc":{"start":{"line":31,"column":12},"end":{"line":34,"column":13}},"type":"if","locations":[{"start":{"line":31,"column":12},"end":{"line":34,"column":13}},{"start":{},"end":{}}],"line":31},"4":{"loc":{"start":{"line":40,"column":12},"end":{"line":43,"column":13}},"type":"if","locations":[{"start":{"line":40,"column":12},"end":{"line":43,"column":13}},{"start":{},"end":{}}],"line":40},"5":{"loc":{"start":{"line":55,"column":2},"end":{"line":73,"column":3}},"type":"if","locations":[{"start":{"line":55,"column":2},"end":{"line":73,"column":3}},{"start":{"line":71,"column":9},"end":{"line":73,"column":3}}],"line":55},"6":{"loc":{"start":{"line":61,"column":10},"end":{"line":66,"column":11}},"type":"if","locations":[{"start":{"line":61,"column":10},"end":{"line":66,"column":11}},{"start":{},"end":{}}],"line":61},"7":{"loc":{"start":{"line":61,"column":13},"end":{"line":61,"column":76}},"type":"binary-expr","locations":[{"start":{"line":61,"column":13},"end":{"line":61,"column":38}},{"start":{"line":61,"column":42},"end":{"line":61,"column":76}}],"line":61}},"s":{"0":2,"1":19,"2":31,"3":19,"4":19,"5":19,"6":19,"7":19,"8":19,"9":11,"10":8,"11":0,"12":8,"13":8,"14":1,"15":1,"16":1,"17":1,"18":19,"19":16,"20":96,"21":80,"22":3},"f":{"0":19,"1":31,"2":11,"3":1,"4":1,"5":96},"b":{"0":[8,3],"1":[0,8],"2":[8,0],"3":[1,0],"4":[1,0],"5":[16,3],"6":[80,16],"7":[96,94]},"_coverageSchema":"1a1c01bbd47fc00a2c39e90264f33305004495a9","hash":"abf3c36b11b6a67ef0fed3977d8a66af2af237ce"}
,"C:\\Users\\Aj\\HackReactor\\FEC-retry\\fec2025\\client\\src\\components\\Overview\\overviewComponents\\GalleryAlt.jsx": {"path":"C:\\Users\\Aj\\HackReactor\\FEC-retry\\fec2025\\client\\src\\components\\Overview\\overviewComponents\\GalleryAlt.jsx","statementMap":{"0":{"start":{"line":9,"column":16},"end":{"line":64,"column":1}},"1":{"start":{"line":10,"column":22},"end":{"line":10,"column":61}},"2":{"start":{"line":10,"column":43},"end":{"line":10,"column":60}},"3":{"start":{"line":12,"column":35},"end":{"line":12,"column":56}},"4":{"start":{"line":14,"column":46},"end":{"line":14,"column":57}},"5":{"start":{"line":15,"column":20},"end":{"line":15,"column":21}},"6":{"start":{"line":19,"column":2},"end":{"line":42,"column":35}},"7":{"start":{"line":20,"column":4},"end":{"line":41,"column":5}},"8":{"start":{"line":22,"column":6},"end":{"line":40,"column":7}},"9":{"start":{"line":23,"column":8},"end":{"line":39,"column":11}},"10":{"start":{"line":25,"column":12},"end":{"line":28,"column":13}},"11":{"start":{"line":27,"column":14},"end":{"line":27,"column":52}},"12":{"start":{"line":33,"column":12},"end":{"line":35,"column":13}},"13":{"start":{"line":34,"column":14},"end":{"line":34,"column":52}},"14":{"start":{"line":46,"column":2},"end":{"line":63,"column":3}},"15":{"start":{"line":47,"column":4},"end":{"line":62,"column":6}},"16":{"start":{"line":52,"column":12},"end":{"line":56,"column":13}},"17":{"start":{"line":54,"column":12},"end":{"line":56,"column":12}}},"fnMap":{"0":{"name":"(anonymous_0)","decl":{"start":{"line":9,"column":16},"end":{"line":9,"column":17}},"loc":{"start":{"line":9,"column":22},"end":{"line":64,"column":1}},"line":9},"1":{"name":"(anonymous_1)","decl":{"start":{"line":10,"column":34},"end":{"line":10,"column":35}},"loc":{"start":{"line":10,"column":43},"end":{"line":10,"column":60}},"line":10},"2":{"name":"(anonymous_2)","decl":{"start":{"line":19,"column":12},"end":{"line":19,"column":13}},"loc":{"start":{"line":19,"column":18},"end":{"line":42,"column":3}},"line":19},"3":{"name":"(anonymous_3)","decl":{"start":{"line":24,"column":119},"end":{"line":24,"column":120}},"loc":{"start":{"line":24,"column":123},"end":{"line":29,"column":11}},"line":24},"4":{"name":"(anonymous_4)","decl":{"start":{"line":32,"column":97},"end":{"line":32,"column":98}},"loc":{"start":{"line":32,"column":101},"end":{"line":36,"column":11}},"line":32},"5":{"name":"(anonymous_5)","decl":{"start":{"line":51,"column":42},"end":{"line":51,"column":43}},"loc":{"start":{"line":51,"column":56},"end":{"line":56,"column":14}},"line":51}},"branchMap":{"0":{"loc":{"start":{"line":20,"column":4},"end":{"line":41,"column":5}},"type":"if","locations":[{"start":{"line":20,"column":4},"end":{"line":41,"column":5}},{"start":{},"end":{}}],"line":20},"1":{"loc":{"start":{"line":22,"column":6},"end":{"line":40,"column":7}},"type":"if","locations":[{"start":{"line":22,"column":6},"end":{"line":40,"column":7}},{"start":{},"end":{}}],"line":22},"2":{"loc":{"start":{"line":25,"column":12},"end":{"line":28,"column":13}},"type":"if","locations":[{"start":{"line":25,"column":12},"end":{"line":28,"column":13}},{"start":{},"end":{}}],"line":25},"3":{"loc":{"start":{"line":33,"column":12},"end":{"line":35,"column":13}},"type":"if","locations":[{"start":{"line":33,"column":12},"end":{"line":35,"column":13}},{"start":{},"end":{}}],"line":33},"4":{"loc":{"start":{"line":46,"column":2},"end":{"line":63,"column":3}},"type":"if","locations":[{"start":{"line":46,"column":2},"end":{"line":63,"column":3}},{"start":{},"end":{}}],"line":46},"5":{"loc":{"start":{"line":52,"column":12},"end":{"line":56,"column":13}},"type":"if","locations":[{"start":{"line":52,"column":12},"end":{"line":56,"column":13}},{"start":{},"end":{}}],"line":52},"6":{"loc":{"start":{"line":52,"column":15},"end":{"line":52,"column":74}},"type":"binary-expr","locations":[{"start":{"line":52,"column":15},"end":{"line":52,"column":38}},{"start":{"line":52,"column":42},"end":{"line":52,"column":74}}],"line":52}},"s":{"0":2,"1":10,"2":12,"3":10,"4":10,"5":10,"6":10,"7":4,"8":4,"9":4,"10":1,"11":1,"12":1,"13":1,"14":10,"15":10,"16":60,"17":30},"f":{"0":10,"1":12,"2":4,"3":1,"4":1,"5":60},"b":{"0":[4,0],"1":[4,0],"2":[1,0],"3":[1,0],"4":[10,0],"5":[30,30],"6":[60,58]},"_coverageSchema":"1a1c01bbd47fc00a2c39e90264f33305004495a9","hash":"294a7a4270cc57cfb9565987b195cea5cdce2c35"}
,"C:\\Users\\Aj\\HackReactor\\FEC-retry\\fec2025\\client\\src\\components\\Overview\\overviewComponents\\GalleryAltElement.jsx": {"path":"C:\\Users\\Aj\\HackReactor\\FEC-retry\\fec2025\\client\\src\\components\\Overview\\overviewComponents\\GalleryAltElement.jsx","statementMap":{"0":{"start":{"line":9,"column":26},"end":{"line":60,"column":1}},"1":{"start":{"line":10,"column":22},"end":{"line":10,"column":61}},"2":{"start":{"line":10,"column":43},"end":{"line":10,"column":60}},"3":{"start":{"line":11,"column":27},"end":{"line":11,"column":71}},"4":{"start":{"line":11,"column":48},"end":{"line":11,"column":70}},"5":{"start":{"line":12,"column":33},"end":{"line":12,"column":48}},"6":{"start":{"line":13,"column":17},"end":{"line":13,"column":44}},"7":{"start":{"line":15,"column":19},"end":{"line":15,"column":32}},"8":{"start":{"line":18,"column":5},"end":{"line":25,"column":26}},"9":{"start":{"line":20,"column":6},"end":{"line":24,"column":7}},"10":{"start":{"line":21,"column":8},"end":{"line":21,"column":25}},"11":{"start":{"line":23,"column":8},"end":{"line":23,"column":27}},"12":{"start":{"line":26,"column":2},"end":{"line":59,"column":3}},"13":{"start":{"line":27,"column":4},"end":{"line":27,"column":24}},"14":{"start":{"line":28,"column":4},"end":{"line":52,"column":6}},"15":{"start":{"line":34,"column":10},"end":{"line":34,"column":71}},"16":{"start":{"line":35,"column":10},"end":{"line":35,"column":85}},"17":{"start":{"line":54,"column":4},"end":{"line":58,"column":6}},"18":{"start":{"line":63,"column":0},"end":{"line":66,"column":2}}},"fnMap":{"0":{"name":"(anonymous_0)","decl":{"start":{"line":9,"column":26},"end":{"line":9,"column":27}},"loc":{"start":{"line":9,"column":46},"end":{"line":60,"column":1}},"line":9},"1":{"name":"(anonymous_1)","decl":{"start":{"line":10,"column":34},"end":{"line":10,"column":35}},"loc":{"start":{"line":10,"column":43},"end":{"line":10,"column":60}},"line":10},"2":{"name":"(anonymous_2)","decl":{"start":{"line":11,"column":39},"end":{"line":11,"column":40}},"loc":{"start":{"line":11,"column":48},"end":{"line":11,"column":70}},"line":11},"3":{"name":"(anonymous_3)","decl":{"start":{"line":18,"column":15},"end":{"line":18,"column":16}},"loc":{"start":{"line":18,"column":21},"end":{"line":25,"column":6}},"line":18},"4":{"name":"(anonymous_4)","decl":{"start":{"line":31,"column":17},"end":{"line":31,"column":18}},"loc":{"start":{"line":31,"column":21},"end":{"line":37,"column":9}},"line":31}},"branchMap":{"0":{"loc":{"start":{"line":20,"column":6},"end":{"line":24,"column":7}},"type":"if","locations":[{"start":{"line":20,"column":6},"end":{"line":24,"column":7}},{"start":{"line":22,"column":13},"end":{"line":24,"column":7}}],"line":20},"1":{"loc":{"start":{"line":26,"column":2},"end":{"line":59,"column":3}},"type":"if","locations":[{"start":{"line":26,"column":2},"end":{"line":59,"column":3}},{"start":{"line":53,"column":9},"end":{"line":59,"column":3}}],"line":26},"2":{"loc":{"start":{"line":26,"column":5},"end":{"line":26,"column":78}},"type":"binary-expr","locations":[{"start":{"line":26,"column":5},"end":{"line":26,"column":30}},{"start":{"line":26,"column":35},"end":{"line":26,"column":60}},{"start":{"line":26,"column":64},"end":{"line":26,"column":77}}],"line":26}},"s":{"0":2,"1":30,"2":38,"3":30,"4":38,"5":30,"6":30,"7":30,"8":30,"9":8,"10":3,"11":5,"12":30,"13":30,"14":30,"15":0,"16":0,"17":0,"18":2},"f":{"0":30,"1":38,"2":38,"3":8,"4":0},"b":{"0":[3,5],"1":[30,0],"2":[30,30,0]},"_coverageSchema":"1a1c01bbd47fc00a2c39e90264f33305004495a9","hash":"c763c139b44cc60895308c6071aa15f2c9de4ba4"}
,"C:\\Users\\Aj\\HackReactor\\FEC-retry\\fec2025\\client\\src\\components\\Overview\\overviewComponents\\GalleryElement.jsx": {"path":"C:\\Users\\Aj\\HackReactor\\FEC-retry\\fec2025\\client\\src\\components\\Overview\\overviewComponents\\GalleryElement.jsx","statementMap":{"0":{"start":{"line":9,"column":23},"end":{"line":57,"column":1}},"1":{"start":{"line":10,"column":22},"end":{"line":10,"column":61}},"2":{"start":{"line":10,"column":43},"end":{"line":10,"column":60}},"3":{"start":{"line":11,"column":27},"end":{"line":11,"column":71}},"4":{"start":{"line":11,"column":48},"end":{"line":11,"column":70}},"5":{"start":{"line":12,"column":19},"end":{"line":12,"column":32}},"6":{"start":{"line":14,"column":28},"end":{"line":18,"column":4}},"7":{"start":{"line":19,"column":3},"end":{"line":37,"column":24}},"8":{"start":{"line":20,"column":4},"end":{"line":36,"column":5}},"9":{"start":{"line":21,"column":6},"end":{"line":29,"column":9}},"10":{"start":{"line":31,"column":6},"end":{"line":35,"column":9}},"11":{"start":{"line":39,"column":2},"end":{"line":56,"column":3}},"12":{"start":{"line":40,"column":18},"end":{"line":40,"column":42}},"13":{"start":{"line":41,"column":4},"end":{"line":49,"column":6}},"14":{"start":{"line":45,"column":10},"end":{"line":45,"column":85}},"15":{"start":{"line":46,"column":10},"end":{"line":46,"column":71}},"16":{"start":{"line":51,"column":4},"end":{"line":55,"column":6}},"17":{"start":{"line":60,"column":0},"end":{"line":64,"column":2}}},"fnMap":{"0":{"name":"(anonymous_0)","decl":{"start":{"line":9,"column":23},"end":{"line":9,"column":24}},"loc":{"start":{"line":9,"column":43},"end":{"line":57,"column":1}},"line":9},"1":{"name":"(anonymous_1)","decl":{"start":{"line":10,"column":34},"end":{"line":10,"column":35}},"loc":{"start":{"line":10,"column":43},"end":{"line":10,"column":60}},"line":10},"2":{"name":"(anonymous_2)","decl":{"start":{"line":11,"column":39},"end":{"line":11,"column":40}},"loc":{"start":{"line":11,"column":48},"end":{"line":11,"column":70}},"line":11},"3":{"name":"(anonymous_3)","decl":{"start":{"line":19,"column":13},"end":{"line":19,"column":14}},"loc":{"start":{"line":19,"column":19},"end":{"line":37,"column":4}},"line":19},"4":{"name":"(anonymous_4)","decl":{"start":{"line":43,"column":84},"end":{"line":43,"column":85}},"loc":{"start":{"line":43,"column":88},"end":{"line":47,"column":9}},"line":43}},"branchMap":{"0":{"loc":{"start":{"line":20,"column":4},"end":{"line":36,"column":5}},"type":"if","locations":[{"start":{"line":20,"column":4},"end":{"line":36,"column":5}},{"start":{"line":30,"column":11},"end":{"line":36,"column":5}}],"line":20},"1":{"loc":{"start":{"line":39,"column":2},"end":{"line":56,"column":3}},"type":"if","locations":[{"start":{"line":39,"column":2},"end":{"line":56,"column":3}},{"start":{"line":50,"column":9},"end":{"line":56,"column":3}}],"line":39},"2":{"loc":{"start":{"line":39,"column":5},"end":{"line":39,"column":59}},"type":"binary-expr","locations":[{"start":{"line":39,"column":5},"end":{"line":39,"column":30}},{"start":{"line":39,"column":34},"end":{"line":39,"column":59}}],"line":39}},"s":{"0":2,"1":84,"2":123,"3":84,"4":123,"5":84,"6":84,"7":84,"8":29,"9":8,"10":21,"11":84,"12":82,"13":82,"14":0,"15":0,"16":2,"17":2},"f":{"0":84,"1":123,"2":123,"3":29,"4":0},"b":{"0":[8,21],"1":[82,2],"2":[84,82]},"_coverageSchema":"1a1c01bbd47fc00a2c39e90264f33305004495a9","hash":"6fde99a87332120fa36d491ed032978c1ae156cf"}
,"C:\\Users\\Aj\\HackReactor\\FEC-retry\\fec2025\\client\\src\\components\\Overview\\overviewComponents\\MainDisplay.jsx": {"path":"C:\\Users\\Aj\\HackReactor\\FEC-retry\\fec2025\\client\\src\\components\\Overview\\overviewComponents\\MainDisplay.jsx","statementMap":{"0":{"start":{"line":7,"column":20},"end":{"line":177,"column":1}},"1":{"start":{"line":9,"column":22},"end":{"line":9,"column":61}},"2":{"start":{"line":9,"column":43},"end":{"line":9,"column":60}},"3":{"start":{"line":11,"column":30},"end":{"line":11,"column":45}},"4":{"start":{"line":12,"column":34},"end":{"line":12,"column":45}},"5":{"start":{"line":13,"column":28},"end":{"line":16,"column":4}},"6":{"start":{"line":19,"column":34},"end":{"line":19,"column":46}},"7":{"start":{"line":21,"column":26},"end":{"line":21,"column":41}},"8":{"start":{"line":22,"column":32},"end":{"line":22,"column":52}},"9":{"start":{"line":23,"column":21},"end":{"line":31,"column":3}},"10":{"start":{"line":24,"column":4},"end":{"line":24,"column":18}},"11":{"start":{"line":25,"column":4},"end":{"line":30,"column":5}},"12":{"start":{"line":26,"column":6},"end":{"line":26,"column":21}},"13":{"start":{"line":28,"column":6},"end":{"line":28,"column":28}},"14":{"start":{"line":33,"column":2},"end":{"line":87,"column":15}},"15":{"start":{"line":35,"column":4},"end":{"line":86,"column":5}},"16":{"start":{"line":36,"column":6},"end":{"line":49,"column":9}},"17":{"start":{"line":50,"column":6},"end":{"line":56,"column":9}},"18":{"start":{"line":58,"column":11},"end":{"line":86,"column":5}},"19":{"start":{"line":60,"column":6},"end":{"line":73,"column":8}},"20":{"start":{"line":74,"column":5},"end":{"line":81,"column":8}},"21":{"start":{"line":84,"column":6},"end":{"line":84,"column":19}},"22":{"start":{"line":88,"column":2},"end":{"line":117,"column":14}},"23":{"start":{"line":89,"column":4},"end":{"line":116,"column":5}},"24":{"start":{"line":90,"column":19},"end":{"line":90,"column":62}},"25":{"start":{"line":91,"column":6},"end":{"line":115,"column":7}},"26":{"start":{"line":93,"column":8},"end":{"line":113,"column":11}},"27":{"start":{"line":94,"column":28},"end":{"line":94,"column":83}},"28":{"start":{"line":95,"column":23},"end":{"line":95,"column":56}},"29":{"start":{"line":96,"column":25},"end":{"line":96,"column":47}},"30":{"start":{"line":97,"column":24},"end":{"line":97,"column":46}},"31":{"start":{"line":99,"column":25},"end":{"line":99,"column":60}},"32":{"start":{"line":100,"column":25},"end":{"line":100,"column":64}},"33":{"start":{"line":102,"column":10},"end":{"line":111,"column":12}},"34":{"start":{"line":114,"column":8},"end":{"line":114,"column":53}},"35":{"start":{"line":122,"column":2},"end":{"line":139,"column":3}},"36":{"start":{"line":123,"column":4},"end":{"line":138,"column":6}},"37":{"start":{"line":128,"column":10},"end":{"line":132,"column":11}},"38":{"start":{"line":129,"column":12},"end":{"line":129,"column":27}},"39":{"start":{"line":131,"column":12},"end":{"line":131,"column":38}},"40":{"start":{"line":140,"column":2},"end":{"line":176,"column":4}},"41":{"start":{"line":142,"column":41},"end":{"line":142,"column":54}},"42":{"start":{"line":142,"column":54},"end":{"line":142,"column":70}},"43":{"start":{"line":147,"column":10},"end":{"line":147,"column":26}},"44":{"start":{"line":150,"column":10},"end":{"line":150,"column":27}},"45":{"start":{"line":152,"column":10},"end":{"line":158,"column":12}},"46":{"start":{"line":164,"column":10},"end":{"line":169,"column":11}},"47":{"start":{"line":165,"column":12},"end":{"line":165,"column":27}},"48":{"start":{"line":166,"column":12},"end":{"line":166,"column":25}},"49":{"start":{"line":168,"column":12},"end":{"line":168,"column":38}}},"fnMap":{"0":{"name":"(anonymous_0)","decl":{"start":{"line":7,"column":20},"end":{"line":7,"column":21}},"loc":{"start":{"line":7,"column":26},"end":{"line":177,"column":1}},"line":7},"1":{"name":"(anonymous_1)","decl":{"start":{"line":9,"column":34},"end":{"line":9,"column":35}},"loc":{"start":{"line":9,"column":43},"end":{"line":9,"column":60}},"line":9},"2":{"name":"(anonymous_2)","decl":{"start":{"line":23,"column":21},"end":{"line":23,"column":22}},"loc":{"start":{"line":23,"column":27},"end":{"line":31,"column":3}},"line":23},"3":{"name":"(anonymous_3)","decl":{"start":{"line":33,"column":12},"end":{"line":33,"column":13}},"loc":{"start":{"line":33,"column":18},"end":{"line":87,"column":3}},"line":33},"4":{"name":"(anonymous_4)","decl":{"start":{"line":88,"column":12},"end":{"line":88,"column":13}},"loc":{"start":{"line":88,"column":18},"end":{"line":117,"column":3}},"line":88},"5":{"name":"(anonymous_5)","decl":{"start":{"line":93,"column":43},"end":{"line":93,"column":44}},"loc":{"start":{"line":93,"column":50},"end":{"line":113,"column":9}},"line":93},"6":{"name":"(anonymous_6)","decl":{"start":{"line":114,"column":45},"end":{"line":114,"column":46}},"loc":{"start":{"line":114,"column":49},"end":{"line":114,"column":51}},"line":114},"7":{"name":"(anonymous_7)","decl":{"start":{"line":127,"column":17},"end":{"line":127,"column":18}},"loc":{"start":{"line":127,"column":21},"end":{"line":133,"column":9}},"line":127},"8":{"name":"(anonymous_8)","decl":{"start":{"line":142,"column":36},"end":{"line":142,"column":37}},"loc":{"start":{"line":142,"column":40},"end":{"line":142,"column":71}},"line":142},"9":{"name":"(anonymous_9)","decl":{"start":{"line":146,"column":22},"end":{"line":146,"column":23}},"loc":{"start":{"line":146,"column":26},"end":{"line":148,"column":9}},"line":146},"10":{"name":"(anonymous_10)","decl":{"start":{"line":149,"column":22},"end":{"line":149,"column":23}},"loc":{"start":{"line":149,"column":26},"end":{"line":159,"column":9}},"line":149},"11":{"name":"(anonymous_11)","decl":{"start":{"line":162,"column":17},"end":{"line":162,"column":18}},"loc":{"start":{"line":162,"column":21},"end":{"line":170,"column":9}},"line":162}},"branchMap":{"0":{"loc":{"start":{"line":25,"column":4},"end":{"line":30,"column":5}},"type":"if","locations":[{"start":{"line":25,"column":4},"end":{"line":30,"column":5}},{"start":{"line":27,"column":11},"end":{"line":30,"column":5}}],"line":25},"1":{"loc":{"start":{"line":35,"column":4},"end":{"line":86,"column":5}},"type":"if","locations":[{"start":{"line":35,"column":4},"end":{"line":86,"column":5}},{"start":{"line":58,"column":11},"end":{"line":86,"column":5}}],"line":35},"2":{"loc":{"start":{"line":58,"column":11},"end":{"line":86,"column":5}},"type":"if","locations":[{"start":{"line":58,"column":11},"end":{"line":86,"column":5}},{"start":{"line":82,"column":11},"end":{"line":86,"column":5}}],"line":58},"3":{"loc":{"start":{"line":89,"column":4},"end":{"line":116,"column":5}},"type":"if","locations":[{"start":{"line":89,"column":4},"end":{"line":116,"column":5}},{"start":{},"end":{}}],"line":89},"4":{"loc":{"start":{"line":91,"column":6},"end":{"line":115,"column":7}},"type":"if","locations":[{"start":{"line":91,"column":6},"end":{"line":115,"column":7}},{"start":{},"end":{}}],"line":91},"5":{"loc":{"start":{"line":122,"column":2},"end":{"line":139,"column":3}},"type":"if","locations":[{"start":{"line":122,"column":2},"end":{"line":139,"column":3}},{"start":{},"end":{}}],"line":122},"6":{"loc":{"start":{"line":122,"column":5},"end":{"line":122,"column":25}},"type":"binary-expr","locations":[{"start":{"line":122,"column":5},"end":{"line":122,"column":10}},{"start":{"line":122,"column":14},"end":{"line":122,"column":25}}],"line":122},"7":{"loc":{"start":{"line":128,"column":10},"end":{"line":132,"column":11}},"type":"if","locations":[{"start":{"line":128,"column":10},"end":{"line":132,"column":11}},{"start":{"line":130,"column":17},"end":{"line":132,"column":11}}],"line":128},"8":{"loc":{"start":{"line":164,"column":10},"end":{"line":169,"column":11}},"type":"if","locations":[{"start":{"line":164,"column":10},"end":{"line":169,"column":11}},{"start":{"line":167,"column":17},"end":{"line":169,"column":11}}],"line":164}},"s":{"0":2,"1":29,"2":41,"3":29,"4":29,"5":29,"6":29,"7":29,"8":29,"9":29,"10":2,"11":2,"12":2,"13":0,"14":29,"15":12,"16":8,"17":8,"18":4,"19":2,"20":2,"21":2,"22":29,"23":9,"24":1,"25":1,"26":1,"27":1,"28":1,"29":1,"30":1,"31":1,"32":1,"33":1,"34":1,"35":29,"36":25,"37":4,"38":0,"39":4,"40":4,"41":0,"42":0,"43":1,"44":0,"45":0,"46":0,"47":0,"48":0,"49":0},"f":{"0":29,"1":41,"2":2,"3":12,"4":9,"5":1,"6":0,"7":4,"8":0,"9":1,"10":0,"11":0},"b":{"0":[2,0],"1":[8,4],"2":[2,2],"3":[1,8],"4":[1,0],"5":[25,4],"6":[29,25],"7":[0,4],"8":[0,0]},"_coverageSchema":"1a1c01bbd47fc00a2c39e90264f33305004495a9","hash":"6d8fac559379e46bbae3631d7dd78cb12267d086"}
,"C:\\Users\\Aj\\HackReactor\\FEC-retry\\fec2025\\client\\src\\components\\Overview\\overviewComponents\\MainDisplayModal.jsx": {"path":"C:\\Users\\Aj\\HackReactor\\FEC-retry\\fec2025\\client\\src\\components\\Overview\\overviewComponents\\MainDisplayModal.jsx","statementMap":{"0":{"start":{"line":4,"column":14},"end":{"line":42,"column":1}},"1":{"start":{"line":5,"column":4},"end":{"line":5,"column":29}},"2":{"start":{"line":5,"column":17},"end":{"line":5,"column":29}},"3":{"start":{"line":7,"column":4},"end":{"line":41,"column":6}},"4":{"start":{"line":44,"column":0},"end":{"line":48,"column":2}}},"fnMap":{"0":{"name":"(anonymous_0)","decl":{"start":{"line":4,"column":14},"end":{"line":4,"column":15}},"loc":{"start":{"line":4,"column":49},"end":{"line":42,"column":1}},"line":4}},"branchMap":{"0":{"loc":{"start":{"line":5,"column":4},"end":{"line":5,"column":29}},"type":"if","locations":[{"start":{"line":5,"column":4},"end":{"line":5,"column":29}},{"start":{},"end":{}}],"line":5}},"s":{"0":2,"1":4,"2":0,"3":4,"4":2},"f":{"0":4},"b":{"0":[0,4]},"_coverageSchema":"1a1c01bbd47fc00a2c39e90264f33305004495a9","hash":"98f10c4eb21733227b15faa34d39f2454534fb6d"}
,"C:\\Users\\Aj\\HackReactor\\FEC-retry\\fec2025\\client\\src\\components\\Overview\\overviewComponents\\ProductForm.jsx": {"path":"C:\\Users\\Aj\\HackReactor\\FEC-retry\\fec2025\\client\\src\\components\\Overview\\overviewComponents\\ProductForm.jsx","statementMap":{"0":{"start":{"line":9,"column":20},"end":{"line":129,"column":1}},"1":{"start":{"line":10,"column":34},"end":{"line":10,"column":45}},"2":{"start":{"line":11,"column":28},"end":{"line":11,"column":40}},"3":{"start":{"line":12,"column":26},"end":{"line":12,"column":38}},"4":{"start":{"line":13,"column":30},"end":{"line":13,"column":44}},"5":{"start":{"line":15,"column":31},"end":{"line":15,"column":45}},"6":{"start":{"line":16,"column":33},"end":{"line":16,"column":45}},"7":{"start":{"line":17,"column":38},"end":{"line":17,"column":50}},"8":{"start":{"line":18,"column":22},"end":{"line":18,"column":61}},"9":{"start":{"line":18,"column":43},"end":{"line":18,"column":60}},"10":{"start":{"line":20,"column":2},"end":{"line":38,"column":19}},"11":{"start":{"line":22,"column":4},"end":{"line":37,"column":5}},"12":{"start":{"line":23,"column":22},"end":{"line":23,"column":129}},"13":{"start":{"line":23,"column":98},"end":{"line":23,"column":127}},"14":{"start":{"line":24,"column":29},"end":{"line":24,"column":31}},"15":{"start":{"line":25,"column":28},"end":{"line":25,"column":30}},"16":{"start":{"line":26,"column":6},"end":{"line":34,"column":7}},"17":{"start":{"line":26,"column":18},"end":{"line":26,"column":19}},"18":{"start":{"line":27,"column":8},"end":{"line":33,"column":9}},"19":{"start":{"line":29,"column":10},"end":{"line":29,"column":95}},"20":{"start":{"line":31,"column":10},"end":{"line":31,"column":49}},"21":{"start":{"line":32,"column":10},"end":{"line":32,"column":88}},"22":{"start":{"line":36,"column":6},"end":{"line":36,"column":33}},"23":{"start":{"line":41,"column":2},"end":{"line":74,"column":11}},"24":{"start":{"line":42,"column":4},"end":{"line":73,"column":5}},"25":{"start":{"line":43,"column":6},"end":{"line":70,"column":30}},"26":{"start":{"line":44,"column":8},"end":{"line":69,"column":9}},"27":{"start":{"line":47,"column":20},"end":{"line":47,"column":21}},"28":{"start":{"line":49,"column":10},"end":{"line":52,"column":14}},"29":{"start":{"line":50,"column":12},"end":{"line":51,"column":24}},"30":{"start":{"line":51,"column":14},"end":{"line":51,"column":24}},"31":{"start":{"line":54,"column":10},"end":{"line":64,"column":11}},"32":{"start":{"line":54,"column":22},"end":{"line":54,"column":23}},"33":{"start":{"line":55,"column":12},"end":{"line":63,"column":14}},"34":{"start":{"line":58,"column":14},"end":{"line":58,"column":27}},"35":{"start":{"line":61,"column":14},"end":{"line":61,"column":29}},"36":{"start":{"line":68,"column":10},"end":{"line":68,"column":44}},"37":{"start":{"line":72,"column":6},"end":{"line":72,"column":22}},"38":{"start":{"line":75,"column":2},"end":{"line":128,"column":3}},"39":{"start":{"line":76,"column":4},"end":{"line":127,"column":6}},"40":{"start":{"line":81,"column":10},"end":{"line":81,"column":34}},"41":{"start":{"line":82,"column":22},"end":{"line":82,"column":24}},"42":{"start":{"line":83,"column":10},"end":{"line":87,"column":11}},"43":{"start":{"line":83,"column":22},"end":{"line":83,"column":23}},"44":{"start":{"line":84,"column":12},"end":{"line":86,"column":13}},"45":{"start":{"line":85,"column":14},"end":{"line":85,"column":24}},"46":{"start":{"line":89,"column":10},"end":{"line":93,"column":11}},"47":{"start":{"line":90,"column":12},"end":{"line":90,"column":29}},"48":{"start":{"line":92,"column":12},"end":{"line":92,"column":49}},"49":{"start":{"line":94,"column":31},"end":{"line":94,"column":33}},"50":{"start":{"line":95,"column":10},"end":{"line":97,"column":11}},"51":{"start":{"line":96,"column":12},"end":{"line":96,"column":35}},"52":{"start":{"line":98,"column":10},"end":{"line":98,"column":40}},"53":{"start":{"line":99,"column":10},"end":{"line":109,"column":11}},"54":{"start":{"line":100,"column":12},"end":{"line":100,"column":27}},"55":{"start":{"line":101,"column":12},"end":{"line":101,"column":29}},"56":{"start":{"line":104,"column":12},"end":{"line":104,"column":30}},"57":{"start":{"line":107,"column":12},"end":{"line":107,"column":43}},"58":{"start":{"line":108,"column":12},"end":{"line":108,"column":39}},"59":{"start":{"line":113,"column":12},"end":{"line":115,"column":11}},"60":{"start":{"line":119,"column":10},"end":{"line":119,"column":38}},"61":{"start":{"line":122,"column":12},"end":{"line":122,"column":67}}},"fnMap":{"0":{"name":"(anonymous_0)","decl":{"start":{"line":9,"column":20},"end":{"line":9,"column":21}},"loc":{"start":{"line":9,"column":26},"end":{"line":129,"column":1}},"line":9},"1":{"name":"(anonymous_1)","decl":{"start":{"line":18,"column":34},"end":{"line":18,"column":35}},"loc":{"start":{"line":18,"column":43},"end":{"line":18,"column":60}},"line":18},"2":{"name":"(anonymous_2)","decl":{"start":{"line":20,"column":12},"end":{"line":20,"column":13}},"loc":{"start":{"line":20,"column":18},"end":{"line":38,"column":3}},"line":20},"3":{"name":"(anonymous_3)","decl":{"start":{"line":23,"column":89},"end":{"line":23,"column":90}},"loc":{"start":{"line":23,"column":98},"end":{"line":23,"column":127}},"line":23},"4":{"name":"(anonymous_4)","decl":{"start":{"line":41,"column":12},"end":{"line":41,"column":13}},"loc":{"start":{"line":41,"column":18},"end":{"line":74,"column":3}},"line":41},"5":{"name":"(anonymous_5)","decl":{"start":{"line":43,"column":49},"end":{"line":43,"column":50}},"loc":{"start":{"line":43,"column":53},"end":{"line":70,"column":7}},"line":43},"6":{"name":"(anonymous_6)","decl":{"start":{"line":49,"column":52},"end":{"line":49,"column":53}},"loc":{"start":{"line":49,"column":61},"end":{"line":52,"column":13}},"line":49},"7":{"name":"(anonymous_7)","decl":{"start":{"line":56,"column":18},"end":{"line":56,"column":19}},"loc":{"start":{"line":56,"column":25},"end":{"line":59,"column":13}},"line":56},"8":{"name":"(anonymous_8)","decl":{"start":{"line":60,"column":19},"end":{"line":60,"column":20}},"loc":{"start":{"line":60,"column":26},"end":{"line":63,"column":13}},"line":60},"9":{"name":"(anonymous_9)","decl":{"start":{"line":79,"column":63},"end":{"line":79,"column":64}},"loc":{"start":{"line":79,"column":68},"end":{"line":110,"column":9}},"line":79},"10":{"name":"(anonymous_10)","decl":{"start":{"line":112,"column":21},"end":{"line":112,"column":22}},"loc":{"start":{"line":112,"column":29},"end":{"line":115,"column":12}},"line":112},"11":{"name":"(anonymous_11)","decl":{"start":{"line":118,"column":71},"end":{"line":118,"column":72}},"loc":{"start":{"line":118,"column":76},"end":{"line":120,"column":9}},"line":118},"12":{"name":"(anonymous_12)","decl":{"start":{"line":121,"column":26},"end":{"line":121,"column":27}},"loc":{"start":{"line":122,"column":12},"end":{"line":122,"column":67}},"line":122}},"branchMap":{"0":{"loc":{"start":{"line":22,"column":4},"end":{"line":37,"column":5}},"type":"if","locations":[{"start":{"line":22,"column":4},"end":{"line":37,"column":5}},{"start":{},"end":{}}],"line":22},"1":{"loc":{"start":{"line":27,"column":8},"end":{"line":33,"column":9}},"type":"if","locations":[{"start":{"line":27,"column":8},"end":{"line":33,"column":9}},{"start":{"line":30,"column":15},"end":{"line":33,"column":9}}],"line":27},"2":{"loc":{"start":{"line":42,"column":4},"end":{"line":73,"column":5}},"type":"if","locations":[{"start":{"line":42,"column":4},"end":{"line":73,"column":5}},{"start":{"line":71,"column":11},"end":{"line":73,"column":5}}],"line":42},"3":{"loc":{"start":{"line":44,"column":8},"end":{"line":69,"column":9}},"type":"if","locations":[{"start":{"line":44,"column":8},"end":{"line":69,"column":9}},{"start":{"line":67,"column":15},"end":{"line":69,"column":9}}],"line":44},"4":{"loc":{"start":{"line":44,"column":11},"end":{"line":44,"column":44}},"type":"binary-expr","locations":[{"start":{"line":44,"column":11},"end":{"line":44,"column":20}},{"start":{"line":44,"column":24},"end":{"line":44,"column":44}}],"line":44},"5":{"loc":{"start":{"line":50,"column":12},"end":{"line":51,"column":24}},"type":"if","locations":[{"start":{"line":50,"column":12},"end":{"line":51,"column":24}},{"start":{},"end":{}}],"line":50},"6":{"loc":{"start":{"line":75,"column":2},"end":{"line":128,"column":3}},"type":"if","locations":[{"start":{"line":75,"column":2},"end":{"line":128,"column":3}},{"start":{},"end":{}}],"line":75},"7":{"loc":{"start":{"line":84,"column":12},"end":{"line":86,"column":13}},"type":"if","locations":[{"start":{"line":84,"column":12},"end":{"line":86,"column":13}},{"start":{},"end":{}}],"line":84},"8":{"loc":{"start":{"line":89,"column":10},"end":{"line":93,"column":11}},"type":"if","locations":[{"start":{"line":89,"column":10},"end":{"line":93,"column":11}},{"start":{"line":91,"column":17},"end":{"line":93,"column":11}}],"line":89},"9":{"loc":{"start":{"line":99,"column":10},"end":{"line":109,"column":11}},"type":"if","locations":[{"start":{"line":99,"column":10},"end":{"line":109,"column":11}},{"start":{"line":103,"column":14},"end":{"line":109,"column":11}}],"line":99}},"s":{"0":2,"1":12,"2":12,"3":12,"4":12,"5":12,"6":12,"7":12,"8":12,"9":18,"10":12,"11":4,"12":1,"13":6,"14":1,"15":1,"16":1,"17":1,"18":7,"19":1,"20":6,"21":6,"22":1,"23":12,"24":5,"25":4,"26":0,"27":0,"28":0,"29":0,"30":0,"31":0,"32":0,"33":0,"34":0,"35":0,"36":0,"37":1,"38":12,"39":4,"40":1,"41":1,"42":1,"43":1,"44":6,"45":1,"46":1,"47":1,"48":0,"49":1,"50":1,"51":0,"52":1,"53":1,"54":0,"55":0,"56":1,"57":1,"58":1,"59":18,"60":0,"61":2},"f":{"0":12,"1":18,"2":4,"3":6,"4":5,"5":0,"6":0,"7":0,"8":0,"9":1,"10":18,"11":0,"12":2},"b":{"0":[1,3],"1":[1,6],"2":[4,1],"3":[0,0],"4":[0,0],"5":[0,0],"6":[4,8],"7":[1,5],"8":[1,0],"9":[0,1]},"_coverageSchema":"1a1c01bbd47fc00a2c39e90264f33305004495a9","hash":"3bd1c3db033bbfea91bb1cd55f85c4a8fce22381"}
,"C:\\Users\\Aj\\HackReactor\\FEC-retry\\fec2025\\client\\src\\components\\Overview\\overviewComponents\\Share.jsx": {"path":"C:\\Users\\Aj\\HackReactor\\FEC-retry\\fec2025\\client\\src\\components\\Overview\\overviewComponents\\Share.jsx","statementMap":{"0":{"start":{"line":4,"column":14},"end":{"line":16,"column":1}},"1":{"start":{"line":6,"column":2},"end":{"line":15,"column":2}}},"fnMap":{"0":{"name":"(anonymous_0)","decl":{"start":{"line":4,"column":14},"end":{"line":4,"column":15}},"loc":{"start":{"line":4,"column":20},"end":{"line":16,"column":1}},"line":4}},"branchMap":{},"s":{"0":2,"1":10},"f":{"0":10},"b":{},"_coverageSchema":"1a1c01bbd47fc00a2c39e90264f33305004495a9","hash":"53678ad3a081766befbf65a2f8ac6039b09e8179"}
,"C:\\Users\\Aj\\HackReactor\\FEC-retry\\fec2025\\client\\src\\components\\Overview\\overviewComponents\\StarDisplay.jsx": {"path":"C:\\Users\\Aj\\HackReactor\\FEC-retry\\fec2025\\client\\src\\components\\Overview\\overviewComponents\\StarDisplay.jsx","statementMap":{"0":{"start":{"line":8,"column":20},"end":{"line":56,"column":1}},"1":{"start":{"line":9,"column":28},"end":{"line":9,"column":40}},"2":{"start":{"line":11,"column":2},"end":{"line":39,"column":13}},"3":{"start":{"line":12,"column":4},"end":{"line":12,"column":17}},"4":{"start":{"line":14,"column":20},"end":{"line":14,"column":22}},"5":{"start":{"line":15,"column":4},"end":{"line":18,"column":5}},"6":{"start":{"line":15,"column":16},"end":{"line":15,"column":17}},"7":{"start":{"line":17,"column":6},"end":{"line":17,"column":95}},"8":{"start":{"line":19,"column":20},"end":{"line":19,"column":29}},"9":{"start":{"line":20,"column":4},"end":{"line":32,"column":5}},"10":{"start":{"line":22,"column":6},"end":{"line":22,"column":96}},"11":{"start":{"line":23,"column":11},"end":{"line":32,"column":5}},"12":{"start":{"line":25,"column":6},"end":{"line":25,"column":112}},"13":{"start":{"line":26,"column":11},"end":{"line":32,"column":5}},"14":{"start":{"line":28,"column":6},"end":{"line":28,"column":101}},"15":{"start":{"line":29,"column":11},"end":{"line":32,"column":5}},"16":{"start":{"line":31,"column":6},"end":{"line":31,"column":108}},"17":{"start":{"line":33,"column":4},"end":{"line":33,"column":8}},"18":{"start":{"line":34,"column":4},"end":{"line":36,"column":5}},"19":{"start":{"line":35,"column":6},"end":{"line":35,"column":104}},"20":{"start":{"line":37,"column":4},"end":{"line":37,"column":24}},"21":{"start":{"line":41,"column":4},"end":{"line":54,"column":6}},"22":{"start":{"line":47,"column":8},"end":{"line":47,"column":77}}},"fnMap":{"0":{"name":"(anonymous_0)","decl":{"start":{"line":8,"column":20},"end":{"line":8,"column":21}},"loc":{"start":{"line":8,"column":33},"end":{"line":56,"column":1}},"line":8},"1":{"name":"(anonymous_1)","decl":{"start":{"line":11,"column":12},"end":{"line":11,"column":13}},"loc":{"start":{"line":11,"column":18},"end":{"line":39,"column":3}},"line":11},"2":{"name":"(anonymous_2)","decl":{"start":{"line":46,"column":19},"end":{"line":46,"column":20}},"loc":{"start":{"line":47,"column":8},"end":{"line":47,"column":77}},"line":47}},"branchMap":{"0":{"loc":{"start":{"line":20,"column":4},"end":{"line":32,"column":5}},"type":"if","locations":[{"start":{"line":20,"column":4},"end":{"line":32,"column":5}},{"start":{"line":23,"column":11},"end":{"line":32,"column":5}}],"line":20},"1":{"loc":{"start":{"line":23,"column":11},"end":{"line":32,"column":5}},"type":"if","locations":[{"start":{"line":23,"column":11},"end":{"line":32,"column":5}},{"start":{"line":26,"column":11},"end":{"line":32,"column":5}}],"line":23},"2":{"loc":{"start":{"line":26,"column":11},"end":{"line":32,"column":5}},"type":"if","locations":[{"start":{"line":26,"column":11},"end":{"line":32,"column":5}},{"start":{"line":29,"column":11},"end":{"line":32,"column":5}}],"line":26},"3":{"loc":{"start":{"line":29,"column":11},"end":{"line":32,"column":5}},"type":"if","locations":[{"start":{"line":29,"column":11},"end":{"line":32,"column":5}},{"start":{},"end":{}}],"line":29}},"s":{"0":2,"1":13,"2":13,"3":7,"4":7,"5":7,"6":7,"7":0,"8":7,"9":7,"10":0,"11":7,"12":0,"13":7,"14":0,"15":7,"16":0,"17":7,"18":7,"19":28,"20":7,"21":13,"22":36},"f":{"0":13,"1":7,"2":36},"b":{"0":[0,7],"1":[0,7],"2":[0,7],"3":[0,7]},"_coverageSchema":"1a1c01bbd47fc00a2c39e90264f33305004495a9","hash":"149cc2d5dce9245487aa85614266a52cf95dc1a1"}
,"C:\\Users\\Aj\\HackReactor\\FEC-retry\\fec2025\\client\\src\\components\\Overview\\overviewComponents\\Styles.jsx": {"path":"C:\\Users\\Aj\\HackReactor\\FEC-retry\\fec2025\\client\\src\\components\\Overview\\overviewComponents\\Styles.jsx","statementMap":{"0":{"start":{"line":10,"column":15},"end":{"line":41,"column":1}},"1":{"start":{"line":11,"column":21},"end":{"line":11,"column":59}},"2":{"start":{"line":11,"column":42},"end":{"line":11,"column":58}},"3":{"start":{"line":12,"column":22},"end":{"line":12,"column":61}},"4":{"start":{"line":12,"column":43},"end":{"line":12,"column":60}},"5":{"start":{"line":13,"column":14},"end":{"line":13,"column":48}},"6":{"start":{"line":14,"column":2},"end":{"line":16,"column":18}},"7":{"start":{"line":15,"column":4},"end":{"line":15,"column":29}},"8":{"start":{"line":18,"column":2},"end":{"line":40,"column":3}},"9":{"start":{"line":20,"column":4},"end":{"line":39,"column":6}},"10":{"start":{"line":33,"column":10},"end":{"line":33,"column":99}}},"fnMap":{"0":{"name":"(anonymous_0)","decl":{"start":{"line":10,"column":15},"end":{"line":10,"column":16}},"loc":{"start":{"line":10,"column":21},"end":{"line":41,"column":1}},"line":10},"1":{"name":"(anonymous_1)","decl":{"start":{"line":11,"column":33},"end":{"line":11,"column":34}},"loc":{"start":{"line":11,"column":42},"end":{"line":11,"column":58}},"line":11},"2":{"name":"(anonymous_2)","decl":{"start":{"line":12,"column":34},"end":{"line":12,"column":35}},"loc":{"start":{"line":12,"column":43},"end":{"line":12,"column":60}},"line":12},"3":{"name":"(anonymous_3)","decl":{"start":{"line":14,"column":12},"end":{"line":14,"column":13}},"loc":{"start":{"line":14,"column":18},"end":{"line":16,"column":3}},"line":14},"4":{"name":"(anonymous_4)","decl":{"start":{"line":31,"column":31},"end":{"line":31,"column":32}},"loc":{"start":{"line":33,"column":10},"end":{"line":33,"column":99}},"line":33}},"branchMap":{"0":{"loc":{"start":{"line":13,"column":14},"end":{"line":13,"column":48}},"type":"binary-expr","locations":[{"start":{"line":13,"column":14},"end":{"line":13,"column":38}},{"start":{"line":13,"column":42},"end":{"line":13,"column":48}}],"line":13},"1":{"loc":{"start":{"line":18,"column":2},"end":{"line":40,"column":3}},"type":"if","locations":[{"start":{"line":18,"column":2},"end":{"line":40,"column":3}},{"start":{},"end":{}}],"line":18}},"s":{"0":2,"1":12,"2":21,"3":12,"4":21,"5":12,"6":12,"7":5,"8":12,"9":4,"10":24},"f":{"0":12,"1":21,"2":21,"3":5,"4":24},"b":{"0":[12,8],"1":[4,8]},"_coverageSchema":"1a1c01bbd47fc00a2c39e90264f33305004495a9","hash":"cde2e9cfa6cb2ecdeacbd5a9eb4b2c6be4d97383"}
,"C:\\Users\\Aj\\HackReactor\\FEC-retry\\fec2025\\client\\src\\components\\Overview\\overviewComponents\\StylesElement.jsx": {"path":"C:\\Users\\Aj\\HackReactor\\FEC-retry\\fec2025\\client\\src\\components\\Overview\\overviewComponents\\StylesElement.jsx","statementMap":{"0":{"start":{"line":9,"column":22},"end":{"line":50,"column":1}},"1":{"start":{"line":10,"column":21},"end":{"line":10,"column":59}},"2":{"start":{"line":10,"column":42},"end":{"line":10,"column":58}},"3":{"start":{"line":11,"column":22},"end":{"line":11,"column":61}},"4":{"start":{"line":11,"column":43},"end":{"line":11,"column":60}},"5":{"start":{"line":12,"column":16},"end":{"line":12,"column":45}},"6":{"start":{"line":13,"column":16},"end":{"line":13,"column":38}},"7":{"start":{"line":14,"column":38},"end":{"line":18,"column":4}},"8":{"start":{"line":19,"column":19},"end":{"line":19,"column":32}},"9":{"start":{"line":20,"column":3},"end":{"line":40,"column":20}},"10":{"start":{"line":21,"column":4},"end":{"line":40,"column":4}},"11":{"start":{"line":22,"column":4},"end":{"line":39,"column":5}},"12":{"start":{"line":23,"column":6},"end":{"line":32,"column":9}},"13":{"start":{"line":34,"column":6},"end":{"line":38,"column":9}},"14":{"start":{"line":41,"column":2},"end":{"line":49,"column":2}},"15":{"start":{"line":44,"column":8},"end":{"line":44,"column":84}},"16":{"start":{"line":45,"column":8},"end":{"line":45,"column":70}},"17":{"start":{"line":53,"column":0},"end":{"line":56,"column":2}}},"fnMap":{"0":{"name":"(anonymous_0)","decl":{"start":{"line":9,"column":22},"end":{"line":9,"column":23}},"loc":{"start":{"line":9,"column":42},"end":{"line":50,"column":1}},"line":9},"1":{"name":"(anonymous_1)","decl":{"start":{"line":10,"column":33},"end":{"line":10,"column":34}},"loc":{"start":{"line":10,"column":42},"end":{"line":10,"column":58}},"line":10},"2":{"name":"(anonymous_2)","decl":{"start":{"line":11,"column":34},"end":{"line":11,"column":35}},"loc":{"start":{"line":11,"column":43},"end":{"line":11,"column":60}},"line":11},"3":{"name":"(anonymous_3)","decl":{"start":{"line":20,"column":13},"end":{"line":20,"column":14}},"loc":{"start":{"line":20,"column":19},"end":{"line":40,"column":5}},"line":20},"4":{"name":"(anonymous_4)","decl":{"start":{"line":43,"column":96},"end":{"line":43,"column":97}},"loc":{"start":{"line":43,"column":100},"end":{"line":47,"column":7}},"line":43}},"branchMap":{"0":{"loc":{"start":{"line":21,"column":4},"end":{"line":40,"column":4}},"type":"if","locations":[{"start":{"line":21,"column":4},"end":{"line":40,"column":4}},{"start":{},"end":{}}],"line":21},"1":{"loc":{"start":{"line":22,"column":4},"end":{"line":39,"column":5}},"type":"if","locations":[{"start":{"line":22,"column":4},"end":{"line":39,"column":5}},{"start":{"line":33,"column":11},"end":{"line":39,"column":5}}],"line":22}},"s":{"0":2,"1":36,"2":60,"3":36,"4":60,"5":36,"6":36,"7":36,"8":36,"9":36,"10":18,"11":18,"12":3,"13":15,"14":36,"15":1,"16":1,"17":2},"f":{"0":36,"1":60,"2":60,"3":18,"4":1},"b":{"0":[18,0],"1":[3,15]},"_coverageSchema":"1a1c01bbd47fc00a2c39e90264f33305004495a9","hash":"82f12106e9d9b63dcd4d1c5e77c7005100492e1d"}
,"C:\\Users\\Aj\\HackReactor\\FEC-retry\\fec2025\\client\\src\\components\\Q&A\\QA.jsx": {"path":"C:\\Users\\Aj\\HackReactor\\FEC-retry\\fec2025\\client\\src\\components\\Q&A\\QA.jsx","statementMap":{"0":{"start":{"line":13,"column":11},"end":{"line":49,"column":1}},"1":{"start":{"line":14,"column":32},"end":{"line":14,"column":50}},"2":{"start":{"line":15,"column":17},"end":{"line":15,"column":51}},"3":{"start":{"line":15,"column":38},"end":{"line":15,"column":50}},"4":{"start":{"line":16,"column":18},"end":{"line":16,"column":53}},"5":{"start":{"line":16,"column":39},"end":{"line":16,"column":52}},"6":{"start":{"line":17,"column":36},"end":{"line":17,"column":54}},"7":{"start":{"line":18,"column":19},"end":{"line":18,"column":32}},"8":{"start":{"line":19,"column":2},"end":{"line":35,"column":26}},"9":{"start":{"line":20,"column":4},"end":{"line":34,"column":5}},"10":{"start":{"line":21,"column":6},"end":{"line":33,"column":10}},"11":{"start":{"line":23,"column":10},"end":{"line":23,"column":44}},"12":{"start":{"line":24,"column":25},"end":{"line":24,"column":56}},"13":{"start":{"line":25,"column":10},"end":{"line":25,"column":58}},"14":{"start":{"line":28,"column":10},"end":{"line":32,"column":11}},"15":{"start":{"line":29,"column":12},"end":{"line":29,"column":85}},"16":{"start":{"line":31,"column":12},"end":{"line":31,"column":72}},"17":{"start":{"line":37,"column":2},"end":{"line":48,"column":4}}},"fnMap":{"0":{"name":"(anonymous_0)","decl":{"start":{"line":13,"column":11},"end":{"line":13,"column":12}},"loc":{"start":{"line":13,"column":17},"end":{"line":49,"column":1}},"line":13},"1":{"name":"(anonymous_1)","decl":{"start":{"line":15,"column":29},"end":{"line":15,"column":30}},"loc":{"start":{"line":15,"column":38},"end":{"line":15,"column":50}},"line":15},"2":{"name":"(anonymous_2)","decl":{"start":{"line":16,"column":30},"end":{"line":16,"column":31}},"loc":{"start":{"line":16,"column":39},"end":{"line":16,"column":52}},"line":16},"3":{"name":"(anonymous_3)","decl":{"start":{"line":19,"column":12},"end":{"line":19,"column":13}},"loc":{"start":{"line":19,"column":18},"end":{"line":35,"column":3}},"line":19},"4":{"name":"(anonymous_4)","decl":{"start":{"line":22,"column":14},"end":{"line":22,"column":15}},"loc":{"start":{"line":22,"column":24},"end":{"line":26,"column":9}},"line":22},"5":{"name":"(anonymous_5)","decl":{"start":{"line":27,"column":15},"end":{"line":27,"column":16}},"loc":{"start":{"line":27,"column":24},"end":{"line":33,"column":9}},"line":27}},"branchMap":{"0":{"loc":{"start":{"line":20,"column":4},"end":{"line":34,"column":5}},"type":"if","locations":[{"start":{"line":20,"column":4},"end":{"line":34,"column":5}},{"start":{},"end":{}}],"line":20},"1":{"loc":{"start":{"line":28,"column":10},"end":{"line":32,"column":11}},"type":"if","locations":[{"start":{"line":28,"column":10},"end":{"line":32,"column":11}},{"start":{"line":30,"column":17},"end":{"line":32,"column":11}}],"line":28},"2":{"loc":{"start":{"line":28,"column":14},"end":{"line":28,"column":57}},"type":"binary-expr","locations":[{"start":{"line":28,"column":14},"end":{"line":28,"column":26}},{"start":{"line":28,"column":30},"end":{"line":28,"column":57}}],"line":28},"3":{"loc":{"start":{"line":44,"column":9},"end":{"line":44,"column":117}},"type":"cond-expr","locations":[{"start":{"line":44,"column":19},"end":{"line":44,"column":110}},{"start":{"line":44,"column":113},"end":{"line":44,"column":117}}],"line":44}},"s":{"0":2,"1":10,"2":10,"3":20,"4":10,"5":20,"6":10,"7":10,"8":10,"9":7,"10":0,"11":0,"12":0,"13":0,"14":0,"15":0,"16":0,"17":10},"f":{"0":10,"1":20,"2":20,"3":7,"4":0,"5":0},"b":{"0":[0,7],"1":[0,0],"2":[0,0],"3":[9,1]},"_coverageSchema":"1a1c01bbd47fc00a2c39e90264f33305004495a9","hash":"70c422b07404d4d9b38a251a5abe074d3ddb666a"}
,"C:\\Users\\Aj\\HackReactor\\FEC-retry\\fec2025\\client\\src\\components\\Q&A\\Q&AComponents\\Answer.jsx": {"path":"C:\\Users\\Aj\\HackReactor\\FEC-retry\\fec2025\\client\\src\\components\\Q&A\\Q&AComponents\\Answer.jsx","statementMap":{"0":{"start":{"line":9,"column":15},"end":{"line":57,"column":1}},"1":{"start":{"line":11,"column":24},"end":{"line":11,"column":45}},"2":{"start":{"line":13,"column":20},"end":{"line":31,"column":3}},"3":{"start":{"line":14,"column":4},"end":{"line":30,"column":5}},"4":{"start":{"line":15,"column":6},"end":{"line":27,"column":10}},"5":{"start":{"line":17,"column":10},"end":{"line":17,"column":27}},"6":{"start":{"line":18,"column":10},"end":{"line":18,"column":23}},"7":{"start":{"line":19,"column":10},"end":{"line":19,"column":25}},"8":{"start":{"line":20,"column":10},"end":{"line":22,"column":13}},"9":{"start":{"line":25,"column":10},"end":{"line":25,"column":28}},"10":{"start":{"line":26,"column":10},"end":{"line":26,"column":69}},"11":{"start":{"line":29,"column":6},"end":{"line":29,"column":89}},"12":{"start":{"line":32,"column":23},"end":{"line":45,"column":5}},"13":{"start":{"line":33,"column":4},"end":{"line":44,"column":10}},"14":{"start":{"line":35,"column":10},"end":{"line":35,"column":27}},"15":{"start":{"line":36,"column":10},"end":{"line":36,"column":23}},"16":{"start":{"line":37,"column":10},"end":{"line":37,"column":25}},"17":{"start":{"line":38,"column":10},"end":{"line":40,"column":13}},"18":{"start":{"line":43,"column":10},"end":{"line":43,"column":60}},"19":{"start":{"line":47,"column":2},"end":{"line":56,"column":4}},"20":{"start":{"line":51,"column":36},"end":{"line":51,"column":70}},"21":{"start":{"line":59,"column":0},"end":{"line":63,"column":2}}},"fnMap":{"0":{"name":"(anonymous_0)","decl":{"start":{"line":9,"column":15},"end":{"line":9,"column":16}},"loc":{"start":{"line":9,"column":52},"end":{"line":57,"column":1}},"line":9},"1":{"name":"(anonymous_1)","decl":{"start":{"line":13,"column":20},"end":{"line":13,"column":21}},"loc":{"start":{"line":13,"column":26},"end":{"line":31,"column":3}},"line":13},"2":{"name":"(anonymous_2)","decl":{"start":{"line":16,"column":15},"end":{"line":16,"column":16}},"loc":{"start":{"line":16,"column":21},"end":{"line":23,"column":9}},"line":16},"3":{"name":"(anonymous_3)","decl":{"start":{"line":24,"column":15},"end":{"line":24,"column":16}},"loc":{"start":{"line":24,"column":24},"end":{"line":27,"column":9}},"line":24},"4":{"name":"(anonymous_4)","decl":{"start":{"line":32,"column":23},"end":{"line":32,"column":24}},"loc":{"start":{"line":32,"column":29},"end":{"line":45,"column":5}},"line":32},"5":{"name":"(anonymous_5)","decl":{"start":{"line":34,"column":15},"end":{"line":34,"column":16}},"loc":{"start":{"line":34,"column":21},"end":{"line":41,"column":9}},"line":34},"6":{"name":"(anonymous_6)","decl":{"start":{"line":42,"column":15},"end":{"line":42,"column":16}},"loc":{"start":{"line":42,"column":21},"end":{"line":44,"column":9}},"line":42},"7":{"name":"(anonymous_7)","decl":{"start":{"line":51,"column":27},"end":{"line":51,"column":28}},"loc":{"start":{"line":51,"column":36},"end":{"line":51,"column":70}},"line":51}},"branchMap":{"0":{"loc":{"start":{"line":14,"column":4},"end":{"line":30,"column":5}},"type":"if","locations":[{"start":{"line":14,"column":4},"end":{"line":30,"column":5}},{"start":{"line":28,"column":11},"end":{"line":30,"column":5}}],"line":14},"1":{"loc":{"start":{"line":52,"column":9},"end":{"line":52,"column":48}},"type":"cond-expr","locations":[{"start":{"line":52,"column":36},"end":{"line":52,"column":41}},{"start":{"line":52,"column":44},"end":{"line":52,"column":48}}],"line":52}},"s":{"0":2,"1":9,"2":9,"3":2,"4":1,"5":1,"6":1,"7":1,"8":1,"9":0,"10":0,"11":1,"12":9,"13":1,"14":1,"15":1,"16":1,"17":1,"18":0,"19":9,"20":1,"21":2},"f":{"0":9,"1":2,"2":1,"3":0,"4":1,"5":1,"6":0,"7":1},"b":{"0":[1,1],"1":[1,8]},"_coverageSchema":"1a1c01bbd47fc00a2c39e90264f33305004495a9","hash":"073838eb5975d8179302ef5b781ee0cc62324a63"}
,"C:\\Users\\Aj\\HackReactor\\FEC-retry\\fec2025\\client\\src\\components\\Q&A\\Q&AComponents\\Answers.jsx": {"path":"C:\\Users\\Aj\\HackReactor\\FEC-retry\\fec2025\\client\\src\\components\\Q&A\\Q&AComponents\\Answers.jsx","statementMap":{"0":{"start":{"line":6,"column":16},"end":{"line":28,"column":1}},"1":{"start":{"line":7,"column":32},"end":{"line":7,"column":53}},"2":{"start":{"line":8,"column":24},"end":{"line":13,"column":3}},"3":{"start":{"line":9,"column":4},"end":{"line":9,"column":21}},"4":{"start":{"line":10,"column":17},"end":{"line":10,"column":28}},"5":{"start":{"line":11,"column":4},"end":{"line":11,"column":28}},"6":{"start":{"line":12,"column":4},"end":{"line":12,"column":21}},"7":{"start":{"line":14,"column":22},"end":{"line":19,"column":3}},"8":{"start":{"line":15,"column":4},"end":{"line":15,"column":22}},"9":{"start":{"line":16,"column":17},"end":{"line":16,"column":28}},"10":{"start":{"line":17,"column":4},"end":{"line":17,"column":28}},"11":{"start":{"line":18,"column":4},"end":{"line":18,"column":21}},"12":{"start":{"line":20,"column":2},"end":{"line":27,"column":4}},"13":{"start":{"line":23,"column":29},"end":{"line":23,"column":137}},"14":{"start":{"line":30,"column":0},"end":{"line":37,"column":2}}},"fnMap":{"0":{"name":"(anonymous_0)","decl":{"start":{"line":6,"column":16},"end":{"line":6,"column":17}},"loc":{"start":{"line":6,"column":94},"end":{"line":28,"column":1}},"line":6},"1":{"name":"(anonymous_1)","decl":{"start":{"line":8,"column":24},"end":{"line":8,"column":25}},"loc":{"start":{"line":8,"column":30},"end":{"line":13,"column":3}},"line":8},"2":{"name":"(anonymous_2)","decl":{"start":{"line":14,"column":22},"end":{"line":14,"column":23}},"loc":{"start":{"line":14,"column":28},"end":{"line":19,"column":3}},"line":14},"3":{"name":"(anonymous_3)","decl":{"start":{"line":23,"column":17},"end":{"line":23,"column":18}},"loc":{"start":{"line":23,"column":29},"end":{"line":23,"column":137}},"line":23}},"branchMap":{"0":{"loc":{"start":{"line":22,"column":5},"end":{"line":22,"column":111}},"type":"cond-expr","locations":[{"start":{"line":22,"column":26},"end":{"line":22,"column":72}},{"start":{"line":22,"column":75},"end":{"line":22,"column":111}}],"line":22},"1":{"loc":{"start":{"line":23,"column":42},"end":{"line":23,"column":71}},"type":"binary-expr","locations":[{"start":{"line":23,"column":42},"end":{"line":23,"column":51}},{"start":{"line":23,"column":55},"end":{"line":23,"column":71}}],"line":23},"2":{"loc":{"start":{"line":25,"column":5},"end":{"line":25,"column":205}},"type":"cond-expr","locations":[{"start":{"line":25,"column":60},"end":{"line":25,"column":123}},{"start":{"line":25,"column":127},"end":{"line":25,"column":204}}],"line":25},"3":{"loc":{"start":{"line":25,"column":5},"end":{"line":25,"column":57}},"type":"binary-expr","locations":[{"start":{"line":25,"column":5},"end":{"line":25,"column":45}},{"start":{"line":25,"column":49},"end":{"line":25,"column":57}}],"line":25},"4":{"loc":{"start":{"line":25,"column":127},"end":{"line":25,"column":204}},"type":"cond-expr","locations":[{"start":{"line":25,"column":137},"end":{"line":25,"column":197}},{"start":{"line":25,"column":200},"end":{"line":25,"column":204}}],"line":25}},"s":{"0":2,"1":12,"2":12,"3":0,"4":0,"5":0,"6":0,"7":12,"8":0,"9":0,"10":0,"11":0,"12":12,"13":6,"14":2},"f":{"0":12,"1":0,"2":0,"3":6},"b":{"0":[3,9],"1":[6,0],"2":[0,12],"3":[12,0],"4":[0,12]},"_coverageSchema":"1a1c01bbd47fc00a2c39e90264f33305004495a9","hash":"223b1329ddf3019ad2a18cb098059fa2c7f5c03e"}
,"C:\\Users\\Aj\\HackReactor\\FEC-retry\\fec2025\\client\\src\\components\\Q&A\\Q&AComponents\\CreateAnswer.jsx": {"path":"C:\\Users\\Aj\\HackReactor\\FEC-retry\\fec2025\\client\\src\\components\\Q&A\\Q&AComponents\\CreateAnswer.jsx","statementMap":{"0":{"start":{"line":10,"column":21},"end":{"line":112,"column":1}},"1":{"start":{"line":11,"column":18},"end":{"line":11,"column":53}},"2":{"start":{"line":11,"column":39},"end":{"line":11,"column":52}},"3":{"start":{"line":12,"column":26},"end":{"line":12,"column":47}},"4":{"start":{"line":13,"column":32},"end":{"line":13,"column":53}},"5":{"start":{"line":14,"column":24},"end":{"line":14,"column":42}},"6":{"start":{"line":15,"column":30},"end":{"line":15,"column":48}},"7":{"start":{"line":16,"column":21},"end":{"line":16,"column":40}},"8":{"start":{"line":16,"column":27},"end":{"line":16,"column":40}},"9":{"start":{"line":17,"column":22},"end":{"line":17,"column":42}},"10":{"start":{"line":17,"column":28},"end":{"line":17,"column":42}},"11":{"start":{"line":18,"column":22},"end":{"line":39,"column":3}},"12":{"start":{"line":19,"column":17},"end":{"line":19,"column":37}},"13":{"start":{"line":20,"column":17},"end":{"line":20,"column":37}},"14":{"start":{"line":21,"column":18},"end":{"line":21,"column":39}},"15":{"start":{"line":22,"column":4},"end":{"line":27,"column":5}},"16":{"start":{"line":23,"column":6},"end":{"line":25,"column":9}},"17":{"start":{"line":26,"column":6},"end":{"line":26,"column":13}},"18":{"start":{"line":28,"column":4},"end":{"line":38,"column":8}},"19":{"start":{"line":30,"column":8},"end":{"line":30,"column":23}},"20":{"start":{"line":31,"column":8},"end":{"line":31,"column":23}},"21":{"start":{"line":32,"column":8},"end":{"line":34,"column":11}},"22":{"start":{"line":37,"column":8},"end":{"line":37,"column":56}},"23":{"start":{"line":40,"column":20},"end":{"line":54,"column":3}},"24":{"start":{"line":41,"column":4},"end":{"line":53,"column":5}},"25":{"start":{"line":42,"column":6},"end":{"line":50,"column":82}},"26":{"start":{"line":44,"column":10},"end":{"line":44,"column":27}},"27":{"start":{"line":45,"column":10},"end":{"line":45,"column":25}},"28":{"start":{"line":46,"column":10},"end":{"line":48,"column":13}},"29":{"start":{"line":50,"column":21},"end":{"line":50,"column":81}},"30":{"start":{"line":52,"column":6},"end":{"line":52,"column":91}},"31":{"start":{"line":55,"column":23},"end":{"line":67,"column":3}},"32":{"start":{"line":56,"column":22},"end":{"line":56,"column":52}},"33":{"start":{"line":57,"column":4},"end":{"line":66,"column":5}},"34":{"start":{"line":58,"column":23},"end":{"line":58,"column":73}},"35":{"start":{"line":58,"column":47},"end":{"line":58,"column":72}},"36":{"start":{"line":59,"column":6},"end":{"line":59,"column":33}},"37":{"start":{"line":61,"column":6},"end":{"line":61,"column":39}},"38":{"start":{"line":62,"column":6},"end":{"line":62,"column":20}},"39":{"start":{"line":63,"column":6},"end":{"line":65,"column":9}},"40":{"start":{"line":68,"column":2},"end":{"line":111,"column":4}},"41":{"start":{"line":100,"column":33},"end":{"line":100,"column":129}},"42":{"start":{"line":114,"column":0},"end":{"line":117,"column":2}}},"fnMap":{"0":{"name":"(anonymous_0)","decl":{"start":{"line":10,"column":21},"end":{"line":10,"column":22}},"loc":{"start":{"line":10,"column":49},"end":{"line":112,"column":1}},"line":10},"1":{"name":"(anonymous_1)","decl":{"start":{"line":11,"column":30},"end":{"line":11,"column":31}},"loc":{"start":{"line":11,"column":39},"end":{"line":11,"column":52}},"line":11},"2":{"name":"(anonymous_2)","decl":{"start":{"line":16,"column":21},"end":{"line":16,"column":22}},"loc":{"start":{"line":16,"column":27},"end":{"line":16,"column":40}},"line":16},"3":{"name":"(anonymous_3)","decl":{"start":{"line":17,"column":22},"end":{"line":17,"column":23}},"loc":{"start":{"line":17,"column":28},"end":{"line":17,"column":42}},"line":17},"4":{"name":"(anonymous_4)","decl":{"start":{"line":18,"column":22},"end":{"line":18,"column":23}},"loc":{"start":{"line":18,"column":36},"end":{"line":39,"column":3}},"line":18},"5":{"name":"(anonymous_5)","decl":{"start":{"line":29,"column":12},"end":{"line":29,"column":13}},"loc":{"start":{"line":29,"column":18},"end":{"line":35,"column":7}},"line":29},"6":{"name":"(anonymous_6)","decl":{"start":{"line":36,"column":13},"end":{"line":36,"column":14}},"loc":{"start":{"line":36,"column":19},"end":{"line":38,"column":7}},"line":36},"7":{"name":"(anonymous_7)","decl":{"start":{"line":40,"column":20},"end":{"line":40,"column":21}},"loc":{"start":{"line":40,"column":26},"end":{"line":54,"column":3}},"line":40},"8":{"name":"(anonymous_8)","decl":{"start":{"line":43,"column":15},"end":{"line":43,"column":16}},"loc":{"start":{"line":43,"column":21},"end":{"line":49,"column":9}},"line":43},"9":{"name":"(anonymous_9)","decl":{"start":{"line":50,"column":15},"end":{"line":50,"column":16}},"loc":{"start":{"line":50,"column":21},"end":{"line":50,"column":81}},"line":50},"10":{"name":"(anonymous_10)","decl":{"start":{"line":55,"column":23},"end":{"line":55,"column":24}},"loc":{"start":{"line":55,"column":34},"end":{"line":67,"column":3}},"line":55},"11":{"name":"(anonymous_11)","decl":{"start":{"line":58,"column":37},"end":{"line":58,"column":38}},"loc":{"start":{"line":58,"column":47},"end":{"line":58,"column":72}},"line":58},"12":{"name":"(anonymous_12)","decl":{"start":{"line":100,"column":24},"end":{"line":100,"column":25}},"loc":{"start":{"line":100,"column":33},"end":{"line":100,"column":129}},"line":100}},"branchMap":{"0":{"loc":{"start":{"line":22,"column":4},"end":{"line":27,"column":5}},"type":"if","locations":[{"start":{"line":22,"column":4},"end":{"line":27,"column":5}},{"start":{},"end":{}}],"line":22},"1":{"loc":{"start":{"line":22,"column":8},"end":{"line":22,"column":32}},"type":"binary-expr","locations":[{"start":{"line":22,"column":8},"end":{"line":22,"column":13}},{"start":{"line":22,"column":17},"end":{"line":22,"column":22}},{"start":{"line":22,"column":26},"end":{"line":22,"column":32}}],"line":22},"2":{"loc":{"start":{"line":41,"column":4},"end":{"line":53,"column":5}},"type":"if","locations":[{"start":{"line":41,"column":4},"end":{"line":53,"column":5}},{"start":{"line":51,"column":11},"end":{"line":53,"column":5}}],"line":41},"3":{"loc":{"start":{"line":57,"column":4},"end":{"line":66,"column":5}},"type":"if","locations":[{"start":{"line":57,"column":4},"end":{"line":66,"column":5}},{"start":{"line":60,"column":11},"end":{"line":66,"column":5}}],"line":57}},"s":{"0":2,"1":15,"2":20,"3":15,"4":15,"5":15,"6":15,"7":15,"8":2,"9":15,"10":0,"11":15,"12":2,"13":2,"14":2,"15":2,"16":1,"17":1,"18":1,"19":1,"20":1,"21":1,"22":0,"23":15,"24":2,"25":1,"26":1,"27":1,"28":1,"29":0,"30":1,"31":15,"32":1,"33":1,"34":1,"35":1,"36":1,"37":0,"38":0,"39":0,"40":15,"41":2,"42":2},"f":{"0":15,"1":20,"2":2,"3":0,"4":2,"5":1,"6":0,"7":2,"8":1,"9":0,"10":1,"11":1,"12":2},"b":{"0":[1,1],"1":[2,2,1],"2":[1,1],"3":[1,0]},"_coverageSchema":"1a1c01bbd47fc00a2c39e90264f33305004495a9","hash":"5221dbee893e0c71b71903100cc274cf3e3448f1"}
,"C:\\Users\\Aj\\HackReactor\\FEC-retry\\fec2025\\client\\src\\components\\Q&A\\Q&AComponents\\CreateQuestion.jsx": {"path":"C:\\Users\\Aj\\HackReactor\\FEC-retry\\fec2025\\client\\src\\components\\Q&A\\Q&AComponents\\CreateQuestion.jsx","statementMap":{"0":{"start":{"line":11,"column":23},"end":{"line":90,"column":1}},"1":{"start":{"line":12,"column":19},"end":{"line":12,"column":32}},"2":{"start":{"line":13,"column":18},"end":{"line":13,"column":53}},"3":{"start":{"line":13,"column":39},"end":{"line":13,"column":52}},"4":{"start":{"line":14,"column":24},"end":{"line":14,"column":65}},"5":{"start":{"line":14,"column":45},"end":{"line":14,"column":64}},"6":{"start":{"line":15,"column":26},"end":{"line":15,"column":47}},"7":{"start":{"line":16,"column":32},"end":{"line":16,"column":53}},"8":{"start":{"line":17,"column":21},"end":{"line":17,"column":40}},"9":{"start":{"line":17,"column":27},"end":{"line":17,"column":40}},"10":{"start":{"line":18,"column":22},"end":{"line":18,"column":42}},"11":{"start":{"line":18,"column":28},"end":{"line":18,"column":42}},"12":{"start":{"line":19,"column":22},"end":{"line":40,"column":3}},"13":{"start":{"line":20,"column":17},"end":{"line":20,"column":37}},"14":{"start":{"line":21,"column":17},"end":{"line":21,"column":37}},"15":{"start":{"line":22,"column":18},"end":{"line":22,"column":39}},"16":{"start":{"line":23,"column":4},"end":{"line":28,"column":5}},"17":{"start":{"line":24,"column":6},"end":{"line":26,"column":9}},"18":{"start":{"line":27,"column":6},"end":{"line":27,"column":13}},"19":{"start":{"line":29,"column":4},"end":{"line":39,"column":8}},"20":{"start":{"line":31,"column":8},"end":{"line":31,"column":23}},"21":{"start":{"line":32,"column":8},"end":{"line":32,"column":23}},"22":{"start":{"line":33,"column":8},"end":{"line":35,"column":11}},"23":{"start":{"line":38,"column":8},"end":{"line":38,"column":56}},"24":{"start":{"line":41,"column":26},"end":{"line":46,"column":3}},"25":{"start":{"line":42,"column":4},"end":{"line":42,"column":21}},"26":{"start":{"line":43,"column":17},"end":{"line":43,"column":30}},"27":{"start":{"line":44,"column":4},"end":{"line":44,"column":55}},"28":{"start":{"line":45,"column":4},"end":{"line":45,"column":23}},"29":{"start":{"line":47,"column":25},"end":{"line":52,"column":3}},"30":{"start":{"line":48,"column":4},"end":{"line":48,"column":22}},"31":{"start":{"line":49,"column":17},"end":{"line":49,"column":30}},"32":{"start":{"line":50,"column":4},"end":{"line":50,"column":55}},"33":{"start":{"line":51,"column":4},"end":{"line":51,"column":23}},"34":{"start":{"line":53,"column":2},"end":{"line":89,"column":4}},"35":{"start":{"line":92,"column":0},"end":{"line":96,"column":2}}},"fnMap":{"0":{"name":"(anonymous_0)","decl":{"start":{"line":11,"column":23},"end":{"line":11,"column":24}},"loc":{"start":{"line":11,"column":66},"end":{"line":90,"column":1}},"line":11},"1":{"name":"(anonymous_1)","decl":{"start":{"line":13,"column":30},"end":{"line":13,"column":31}},"loc":{"start":{"line":13,"column":39},"end":{"line":13,"column":52}},"line":13},"2":{"name":"(anonymous_2)","decl":{"start":{"line":14,"column":36},"end":{"line":14,"column":37}},"loc":{"start":{"line":14,"column":45},"end":{"line":14,"column":64}},"line":14},"3":{"name":"(anonymous_3)","decl":{"start":{"line":17,"column":21},"end":{"line":17,"column":22}},"loc":{"start":{"line":17,"column":27},"end":{"line":17,"column":40}},"line":17},"4":{"name":"(anonymous_4)","decl":{"start":{"line":18,"column":22},"end":{"line":18,"column":23}},"loc":{"start":{"line":18,"column":28},"end":{"line":18,"column":42}},"line":18},"5":{"name":"(anonymous_5)","decl":{"start":{"line":19,"column":22},"end":{"line":19,"column":23}},"loc":{"start":{"line":19,"column":36},"end":{"line":40,"column":3}},"line":19},"6":{"name":"(anonymous_6)","decl":{"start":{"line":30,"column":12},"end":{"line":30,"column":13}},"loc":{"start":{"line":30,"column":18},"end":{"line":36,"column":7}},"line":30},"7":{"name":"(anonymous_7)","decl":{"start":{"line":37,"column":13},"end":{"line":37,"column":14}},"loc":{"start":{"line":37,"column":19},"end":{"line":39,"column":7}},"line":37},"8":{"name":"(anonymous_8)","decl":{"start":{"line":41,"column":26},"end":{"line":41,"column":27}},"loc":{"start":{"line":41,"column":32},"end":{"line":46,"column":3}},"line":41},"9":{"name":"(anonymous_9)","decl":{"start":{"line":47,"column":25},"end":{"line":47,"column":26}},"loc":{"start":{"line":47,"column":31},"end":{"line":52,"column":3}},"line":47}},"branchMap":{"0":{"loc":{"start":{"line":23,"column":4},"end":{"line":28,"column":5}},"type":"if","locations":[{"start":{"line":23,"column":4},"end":{"line":28,"column":5}},{"start":{},"end":{}}],"line":23},"1":{"loc":{"start":{"line":23,"column":8},"end":{"line":23,"column":32}},"type":"binary-expr","locations":[{"start":{"line":23,"column":8},"end":{"line":23,"column":13}},{"start":{"line":23,"column":17},"end":{"line":23,"column":22}},{"start":{"line":23,"column":26},"end":{"line":23,"column":32}}],"line":23},"2":{"loc":{"start":{"line":55,"column":5},"end":{"line":55,"column":228}},"type":"cond-expr","locations":[{"start":{"line":55,"column":40},"end":{"line":55,"column":126}},{"start":{"line":55,"column":130},"end":{"line":55,"column":227}}],"line":55},"3":{"loc":{"start":{"line":55,"column":5},"end":{"line":55,"column":37}},"type":"binary-expr","locations":[{"start":{"line":55,"column":5},"end":{"line":55,"column":25}},{"start":{"line":55,"column":29},"end":{"line":55,"column":37}}],"line":55},"4":{"loc":{"start":{"line":55,"column":130},"end":{"line":55,"column":227}},"type":"cond-expr","locations":[{"start":{"line":55,"column":140},"end":{"line":55,"column":220}},{"start":{"line":55,"column":223},"end":{"line":55,"column":227}}],"line":55}},"s":{"0":2,"1":11,"2":11,"3":21,"4":11,"5":21,"6":11,"7":11,"8":11,"9":2,"10":11,"11":0,"12":11,"13":2,"14":2,"15":2,"16":2,"17":1,"18":1,"19":1,"20":1,"21":1,"22":1,"23":0,"24":11,"25":0,"26":0,"27":0,"28":0,"29":11,"30":0,"31":0,"32":0,"33":0,"34":11,"35":2},"f":{"0":11,"1":21,"2":21,"3":2,"4":0,"5":2,"6":1,"7":0,"8":0,"9":0},"b":{"0":[1,1],"1":[2,2,1],"2":[0,11],"3":[11,0],"4":[0,11]},"_coverageSchema":"1a1c01bbd47fc00a2c39e90264f33305004495a9","hash":"ca5579537247fa39e5bd953a96de79fedd098612"}
[...]
{"line":50,"column":6},"end":{"line":50,"column":13}},"26":{"start":{"line":52,"column":28},"end":{"line":53,"column":111}},"27":{"start":{"line":53,"column":6},"end":{"line":53,"column":110}},"28":{"start":{"line":54,"column":4},"end":{"line":64,"column":8}},"29":{"start":{"line":56,"column":35},"end":{"line":59,"column":11}},"30":{"start":{"line":56,"column":71},"end":{"line":59,"column":9}},"31":{"start":{"line":60,"column":8},"end":{"line":60,"column":40}},"32":{"start":{"line":63,"column":8},"end":{"line":63,"column":48}},"33":{"start":{"line":67,"column":21},"end":{"line":85,"column":4}},"34":{"start":{"line":68,"column":4},"end":{"line":68,"column":18}},"35":{"start":{"line":69,"column":4},"end":{"line":69,"column":20}},"36":{"start":{"line":70,"column":4},"end":{"line":70,"column":24}},"37":{"start":{"line":72,"column":4},"end":{"line":75,"column":5}},"38":{"start":{"line":73,"column":6},"end":{"line":73,"column":63}},"39":{"start":{"line":74,"column":6},"end":{"line":74,"column":13}},"40":{"start":{"line":76,"column":4},"end":{"line":84,"column":6}},"41":{"start":{"line":79,"column":6},"end":{"line":79,"column":31}},"42":{"start":{"line":80,"column":6},"end":{"line":80,"column":33}},"43":{"start":{"line":83,"column":6},"end":{"line":83,"column":47}},"44":{"start":{"line":87,"column":29},"end":{"line":95,"column":5}},"45":{"start":{"line":88,"column":4},"end":{"line":94,"column":8}},"46":{"start":{"line":90,"column":8},"end":{"line":90,"column":39}},"47":{"start":{"line":93,"column":8},"end":{"line":93,"column":54}},"48":{"start":{"line":97,"column":4},"end":{"line":103,"column":21}},"49":{"start":{"line":98,"column":6},"end":{"line":102,"column":7}},"50":{"start":{"line":99,"column":8},"end":{"line":99,"column":35}},"51":{"start":{"line":100,"column":8},"end":{"line":100,"column":21}},"52":{"start":{"line":101,"column":8},"end":{"line":101,"column":38}},"53":{"start":{"line":105,"column":4},"end":{"line":116,"column":27}},"54":{"start":{"line":106,"column":6},"end":{"line":115,"column":7}},"55":{"start":{"line":107,"column":25},"end":{"line":113,"column":10}},"56":{"start":{"line":108,"column":24},"end":{"line":108,"column":63}},"57":{"start":{"line":108,"column":43},"end":{"line":108,"column":62}},"58":{"start":{"line":109,"column":10},"end":{"line":112,"column":12}},"59":{"start":{"line":114,"column":8},"end":{"line":114,"column":34}},"60":{"start":{"line":118,"column":28},"end":{"line":120,"column":5}},"61":{"start":{"line":119,"column":6},"end":{"line":119,"column":51}},"62":{"start":{"line":122,"column":28},"end":{"line":125,"column":5}},"63":{"start":{"line":123,"column":6},"end":{"line":123,"column":30}},"64":{"start":{"line":124,"column":6},"end":{"line":124,"column":22}},"65":{"start":{"line":127,"column":29},"end":{"line":130,"column":5}},"66":{"start":{"line":128,"column":6},"end":{"line":128,"column":27}},"67":{"start":{"line":129,"column":6},"end":{"line":129,"column":23}},"68":{"start":{"line":134,"column":2},"end":{"line":159,"column":4}}},"fnMap":{"0":{"name":"(anonymous_0)","decl":{"start":{"line":14,"column":16},"end":{"line":14,"column":17}},"loc":{"start":{"line":14,"column":22},"end":{"line":160,"column":1}},"line":14},"1":{"name":"(anonymous_1)","decl":{"start":{"line":15,"column":30},"end":{"line":15,"column":31}},"loc":{"start":{"line":15,"column":39},"end":{"line":15,"column":52}},"line":15},"2":{"name":"(anonymous_2)","decl":{"start":{"line":27,"column":20},"end":{"line":27,"column":21}},"loc":{"start":{"line":27,"column":36},"end":{"line":45,"column":3}},"line":27},"3":{"name":"(anonymous_3)","decl":{"start":{"line":32,"column":41},"end":{"line":32,"column":42}},"loc":{"start":{"line":33,"column":6},"end":{"line":33,"column":117}},"line":33},"4":{"name":"(anonymous_4)","decl":{"start":{"line":35,"column":12},"end":{"line":35,"column":13}},"loc":{"start":{"line":35,"column":27},"end":{"line":41,"column":7}},"line":35},"5":{"name":"(anonymous_5)","decl":{"start":{"line":36,"column":40},"end":{"line":36,"column":41}},"loc":{"start":{"line":36,"column":62},"end":{"line":39,"column":9}},"line":36},"6":{"name":"(anonymous_6)","decl":{"start":{"line":42,"column":13},"end":{"line":42,"column":14}},"loc":{"start":{"line":42,"column":22},"end":{"line":44,"column":7}},"line":42},"7":{"name":"(anonymous_7)","decl":{"start":{"line":47,"column":22},"end":{"line":47,"column":23}},"loc":{"start":{"line":47,"column":38},"end":{"line":65,"column":3}},"line":47},"8":{"name":"(anonymous_8)","decl":{"start":{"line":52,"column":43},"end":{"line":52,"column":44}},"loc":{"start":{"line":53,"column":6},"end":{"line":53,"column":110}},"line":53},"9":{"name":"(anonymous_9)","decl":{"start":{"line":55,"column":12},"end":{"line":55,"column":13}},"loc":{"start":{"line":55,"column":27},"end":{"line":61,"column":7}},"line":55},"10":{"name":"(anonymous_10)","decl":{"start":{"line":56,"column":49},"end":{"line":56,"column":50}},"loc":{"start":{"line":56,"column":71},"end":{"line":59,"column":9}},"line":56},"11":{"name":"(anonymous_11)","decl":{"start":{"line":62,"column":13},"end":{"line":62,"column":14}},"loc":{"start":{"line":62,"column":22},"end":{"line":64,"column":7}},"line":62},"12":{"name":"(anonymous_12)","decl":{"start":{"line":67,"column":21},"end":{"line":67,"column":22}},"loc":{"start":{"line":67,"column":27},"end":{"line":85,"column":4}},"line":67},"13":{"name":"(anonymous_13)","decl":{"start":{"line":77,"column":10},"end":{"line":77,"column":11}},"loc":{"start":{"line":77,"column":24},"end":{"line":81,"column":5}},"line":77},"14":{"name":"(anonymous_14)","decl":{"start":{"line":82,"column":11},"end":{"line":82,"column":12}},"loc":{"start":{"line":82,"column":20},"end":{"line":84,"column":5}},"line":82},"15":{"name":"(anonymous_15)","decl":{"start":{"line":87,"column":29},"end":{"line":87,"column":30}},"loc":{"start":{"line":87,"column":44},"end":{"line":95,"column":5}},"line":87},"16":{"name":"(anonymous_16)","decl":{"start":{"line":89,"column":12},"end":{"line":89,"column":13}},"loc":{"start":{"line":89,"column":26},"end":{"line":91,"column":7}},"line":89},"17":{"name":"(anonymous_17)","decl":{"start":{"line":92,"column":13},"end":{"line":92,"column":14}},"loc":{"start":{"line":92,"column":22},"end":{"line":94,"column":7}},"line":92},"18":{"name":"(anonymous_18)","decl":{"start":{"line":97,"column":14},"end":{"line":97,"column":15}},"loc":{"start":{"line":97,"column":20},"end":{"line":103,"column":5}},"line":97},"19":{"name":"(anonymous_19)","decl":{"start":{"line":105,"column":14},"end":{"line":105,"column":15}},"loc":{"start":{"line":105,"column":20},"end":{"line":116,"column":5}},"line":105},"20":{"name":"(anonymous_20)","decl":{"start":{"line":107,"column":38},"end":{"line":107,"column":39}},"loc":{"start":{"line":107,"column":51},"end":{"line":113,"column":9}},"line":107},"21":{"name":"(anonymous_21)","decl":{"start":{"line":108,"column":36},"end":{"line":108,"column":37}},"loc":{"start":{"line":108,"column":43},"end":{"line":108,"column":62}},"line":108},"22":{"name":"(anonymous_22)","decl":{"start":{"line":118,"column":28},"end":{"line":118,"column":29}},"loc":{"start":{"line":118,"column":41},"end":{"line":120,"column":5}},"line":118},"23":{"name":"(anonymous_23)","decl":{"start":{"line":122,"column":28},"end":{"line":122,"column":29}},"loc":{"start":{"line":122,"column":41},"end":{"line":125,"column":5}},"line":122},"24":{"name":"(anonymous_24)","decl":{"start":{"line":127,"column":29},"end":{"line":127,"column":30}},"loc":{"start":{"line":127,"column":35},"end":{"line":130,"column":5}},"line":127}},"branchMap":{"0":{"loc":{"start":{"line":28,"column":4},"end":{"line":31,"column":5}},"type":"if","locations":[{"start":{"line":28,"column":4},"end":{"line":31,"column":5}},{"start":{},"end":{}}],"line":28},"1":{"loc":{"start":{"line":28,"column":8},"end":{"line":28,"column":46}},"type":"binary-expr","locations":[{"start":{"line":28,"column":8},"end":{"line":28,"column":19}},{"start":{"line":28,"column":23},"end":{"line":28,"column":46}}],"line":28},"2":{"loc":{"start":{"line":48,"column":4},"end":{"line":51,"column":5}},"type":"if","locations":[{"start":{"line":48,"column":4},"end":{"line":51,"column":5}},{"start":{},"end":{}}],"line":48},"3":{"loc":{"start":{"line":48,"column":8},"end":{"line":48,"column":46}},"type":"binary-expr","locations":[{"start":{"line":48,"column":8},"end":{"line":48,"column":19}},{"start":{"line":48,"column":23},"end":{"line":48,"column":46}}],"line":48},"4":{"loc":{"start":{"line":72,"column":4},"end":{"line":75,"column":5}},"type":"if","locations":[{"start":{"line":72,"column":4},"end":{"line":75,"column":5}},{"start":{},"end":{}}],"line":72},"5":{"loc":{"start":{"line":98,"column":6},"end":{"line":102,"column":7}},"type":"if","locations":[{"start":{"line":98,"column":6},"end":{"line":102,"column":7}},{"start":{},"end":{}}],"line":98},"6":{"loc":{"start":{"line":106,"column":6},"end":{"line":115,"column":7}},"type":"if","locations":[{"start":{"line":106,"column":6},"end":{"line":115,"column":7}},{"start":{},"end":{}}],"line":106},"7":{"loc":{"start":{"line":106,"column":10},"end":{"line":106,"column":50}},"type":"binary-expr","locations":[{"start":{"line":106,"column":10},"end":{"line":106,"column":29}},{"start":{"line":106,"column":33},"end":{"line":106,"column":50}}],"line":106},"8":{"loc":{"start":{"line":137,"column":9},"end":{"line":146,"column":9}},"type":"cond-expr","locations":[{"start":{"line":138,"column":10},"end":{"line":143,"column":40}},{"start":{"line":145,"column":10},"end":{"line":145,"column":48}}],"line":137},"9":{"loc":{"start":{"line":147,"column":9},"end":{"line":153,"column":9}},"type":"binary-expr","locations":[{"start":{"line":147,"column":9},"end":{"line":147,"column":20}},{"start":{"line":148,"column":10},"end":{"line":152,"column":41}}],"line":147}},"s":{"0":2,"1":13,"2":21,"3":13,"4":13,"5":13,"6":13,"7":13,"8":13,"9":13,"10":13,"11":13,"12":3,"13":0,"14":0,"15":3,"16":6,"17":3,"18":3,"19":6,"20":3,"21":0,"22":13,"23":3,"24":0,"25":0,"26":3,"27":6,"28":3,"29":3,"30":6,"31":3,"32":0,"33":13,"34":3,"35":3,"36":3,"37":3,"38":0,"39":0,"40":3,"41":3,"42":3,"43":0,"44":13,"45":3,"46":3,"47":0,"48":13,"49":6,"50":3,"51":3,"52":3,"53":13,"54":9,"55":1,"56":2,"57":3,"58":2,"59":1,"60":13,"61":0,"62":13,"63":0,"64":0,"65":13,"66":0,"67":0,"68":13},"f":{"0":13,"1":21,"2":3,"3":6,"4":3,"5":6,"6":0,"7":3,"8":6,"9":3,"10":6,"11":0,"12":3,"13":3,"14":0,"15":3,"16":3,"17":0,"18":6,"19":9,"20":2,"21":3,"22":0,"23":0,"24":0},"b":{"0":[0,3],"1":[3,3],"2":[0,3],"3":[3,3],"4":[0,3],"5":[3,3],"6":[1,8],"7":[9,1],"8":[1,12],"9":[13,0]},"_coverageSchema":"1a1c01bbd47fc00a2c39e90264f33305004495a9","hash":"60cee033582c01d84893c81bd1df1a329c64fbac"}
,"C:\\Users\\Aj\\HackReactor\\FEC-retry\\fec2025\\client\\src\\store\\GallerySelectionSlice.js": {"path":"C:\\Users\\Aj\\HackReactor\\FEC-retry\\fec2025\\client\\src\\store\\GallerySelectionSlice.js","statementMap":{"0":{"start":{"line":3,"column":30},"end":{"line":18,"column":2}},"1":{"start":{"line":13,"column":6},"end":{"line":13,"column":46}},"2":{"start":{"line":22,"column":39},"end":{"line":22,"column":68}}},"fnMap":{"0":{"name":"(anonymous_0)","decl":{"start":{"line":12,"column":25},"end":{"line":12,"column":26}},"loc":{"start":{"line":12,"column":44},"end":{"line":14,"column":5}},"line":12}},"branchMap":{},"s":{"0":5,"1":0,"2":5},"f":{"0":0},"b":{},"_coverageSchema":"1a1c01bbd47fc00a2c39e90264f33305004495a9","hash":"abe1ac3cb96c442ed1c96358e66bd789e4973d8d"}
,"C:\\Users\\Aj\\HackReactor\\FEC-retry\\fec2025\\client\\src\\store\\GallerySlice.js": {"path":"C:\\Users\\Aj\\HackReactor\\FEC-retry\\fec2025\\client\\src\\store\\GallerySlice.js","statementMap":{"0":{"start":{"line":3,"column":21},"end":{"line":18,"column":2}},"1":{"start":{"line":13,"column":6},"end":{"line":13,"column":37}},"2":{"start":{"line":22,"column":30},"end":{"line":22,"column":50}}},"fnMap":{"0":{"name":"(anonymous_0)","decl":{"start":{"line":12,"column":16},"end":{"line":12,"column":17}},"loc":{"start":{"line":12,"column":35},"end":{"line":14,"column":5}},"line":12}},"branchMap":{},"s":{"0":5,"1":6,"2":5},"f":{"0":6},"b":{},"_coverageSchema":"1a1c01bbd47fc00a2c39e90264f33305004495a9","hash":"2e0ff0f4a94867d27d94dc4dc8afc31051cb756e"}
,"C:\\Users\\Aj\\HackReactor\\FEC-retry\\fec2025\\client\\src\\store\\OverviewSlice.js": {"path":"C:\\Users\\Aj\\HackReactor\\FEC-retry\\fec2025\\client\\src\\store\\OverviewSlice.js","statementMap":{"0":{"start":{"line":3,"column":22},"end":{"line":18,"column":2}},"1":{"start":{"line":13,"column":6},"end":{"line":13,"column":38}},"2":{"start":{"line":24,"column":31},"end":{"line":24,"column":52}}},"fnMap":{"0":{"name":"(anonymous_0)","decl":{"start":{"line":12,"column":17},"end":{"line":12,"column":18}},"loc":{"start":{"line":12,"column":36},"end":{"line":14,"column":5}},"line":12}},"branchMap":{},"s":{"0":5,"1":0,"2":5},"f":{"0":0},"b":{},"_coverageSchema":"1a1c01bbd47fc00a2c39e90264f33305004495a9","hash":"bb4ec321820d289ccf1eea7e518df693ffb076f8"}
,"C:\\Users\\Aj\\HackReactor\\FEC-retry\\fec2025\\client\\src\\store\\PictureSlice.js": {"path":"C:\\Users\\Aj\\HackReactor\\FEC-retry\\fec2025\\client\\src\\store\\PictureSlice.js","statementMap":{"0":{"start":{"line":3,"column":21},"end":{"line":19,"column":2}},"1":{"start":{"line":14,"column":6},"end":{"line":14,"column":37}},"2":{"start":{"line":23,"column":30},"end":{"line":23,"column":50}}},"fnMap":{"0":{"name":"(anonymous_0)","decl":{"start":{"line":13,"column":16},"end":{"line":13,"column":17}},"loc":{"start":{"line":13,"column":35},"end":{"line":15,"column":5}},"line":13}},"branchMap":{},"s":{"0":5,"1":6,"2":5},"f":{"0":6},"b":{},"_coverageSchema":"1a1c01bbd47fc00a2c39e90264f33305004495a9","hash":"2b761608bcd629435b8bb97a25c07cb59b1d0832"}
,"C:\\Users\\Aj\\HackReactor\\FEC-retry\\fec2025\\client\\src\\store\\ProductSlice.js": {"path":"C:\\Users\\Aj\\HackReactor\\FEC-retry\\fec2025\\client\\src\\store\\ProductSlice.js","statementMap":{"0":{"start":{"line":3,"column":21},"end":{"line":12,"column":2}},"1":{"start":{"line":9,"column":6},"end":{"line":9,"column":28}},"2":{"start":{"line":15,"column":30},"end":{"line":15,"column":50}}},"fnMap":{"0":{"name":"(anonymous_0)","decl":{"start":{"line":8,"column":16},"end":{"line":8,"column":17}},"loc":{"start":{"line":8,"column":35},"end":{"line":10,"column":5}},"line":8}},"branchMap":{},"s":{"0":5,"1":8,"2":5},"f":{"0":8},"b":{},"_coverageSchema":"1a1c01bbd47fc00a2c39e90264f33305004495a9","hash":"4abf3e0953728095b3b376ad0b4d616a1f417012"}
,"C:\\Users\\Aj\\HackReactor\\FEC-retry\\fec2025\\client\\src\\store\\QuestionsSlice.js": {"path":"C:\\Users\\Aj\\HackReactor\\FEC-retry\\fec2025\\client\\src\\store\\QuestionsSlice.js","statementMap":{"0":{"start":{"line":3,"column":23},"end":{"line":11,"column":2}},"1":{"start":{"line":8,"column":6},"end":{"line":8,"column":28}},"2":{"start":{"line":14,"column":32},"end":{"line":14,"column":54}}},"fnMap":{"0":{"name":"(anonymous_0)","decl":{"start":{"line":7,"column":18},"end":{"line":7,"column":19}},"loc":{"start":{"line":7,"column":37},"end":{"line":9,"column":5}},"line":7}},"branchMap":{},"s":{"0":5,"1":1,"2":5},"f":{"0":1},"b":{},"_coverageSchema":"1a1c01bbd47fc00a2c39e90264f33305004495a9","hash":"8cf833f8cff4d7c6f7ffda3c1a4af880c53b256e"}
,"C:\\Users\\Aj\\HackReactor\\FEC-retry\\fec2025\\client\\src\\store\\RelatedSlice.js": {"path":"C:\\Users\\Aj\\HackReactor\\FEC-retry\\fec2025\\client\\src\\store\\RelatedSlice.js","statementMap":{"0":{"start":{"line":3,"column":21},"end":{"line":11,"column":2}},"1":{"start":{"line":8,"column":6},"end":{"line":8,"column":28}},"2":{"start":{"line":14,"column":30},"end":{"line":14,"column":50}}},"fnMap":{"0":{"name":"(anonymous_0)","decl":{"start":{"line":7,"column":16},"end":{"line":7,"column":17}},"loc":{"start":{"line":7,"column":35},"end":{"line":9,"column":5}},"line":7}},"branchMap":{},"s":{"0":5,"1":0,"2":5},"f":{"0":0},"b":{},"_coverageSchema":"1a1c01bbd47fc00a2c39e90264f33305004495a9","hash":"d2f854613e687a4d7b71948b525a791b7bccf92c"}
,"C:\\Users\\Aj\\HackReactor\\FEC-retry\\fec2025\\client\\src\\store\\ReviewsMetaSlice.js": {"path":"C:\\Users\\Aj\\HackReactor\\FEC-retry\\fec2025\\client\\src\\store\\ReviewsMetaSlice.js","statementMap":{"0":{"start":{"line":3,"column":25},"end":{"line":11,"column":2}},"1":{"start":{"line":8,"column":6},"end":{"line":8,"column":27}},"2":{"start":{"line":14,"column":34},"end":{"line":14,"column":58}}},"fnMap":{"0":{"name":"(anonymous_0)","decl":{"start":{"line":7,"column":20},"end":{"line":7,"column":21}},"loc":{"start":{"line":7,"column":39},"end":{"line":9,"column":5}},"line":7}},"branchMap":{},"s":{"0":5,"1":1,"2":5},"f":{"0":1},"b":{},"_coverageSchema":"1a1c01bbd47fc00a2c39e90264f33305004495a9","hash":"7ef4b5c08159aade7eb60423737e4a39c5a688b9"}
,"C:\\Users\\Aj\\HackReactor\\FEC-retry\\fec2025\\client\\src\\store\\ReviewsSlice.js": {"path":"C:\\Users\\Aj\\HackReactor\\FEC-retry\\fec2025\\client\\src\\store\\ReviewsSlice.js","statementMap":{"0":{"start":{"line":3,"column":21},"end":{"line":11,"column":2}},"1":{"start":{"line":8,"column":6},"end":{"line":8,"column":28}},"2":{"start":{"line":14,"column":30},"end":{"line":14,"column":50}}},"fnMap":{"0":{"name":"(anonymous_0)","decl":{"start":{"line":7,"column":16},"end":{"line":7,"column":17}},"loc":{"start":{"line":7,"column":35},"end":{"line":9,"column":5}},"line":7}},"branchMap":{},"s":{"0":5,"1":1,"2":5},"f":{"0":1},"b":{},"_coverageSchema":"1a1c01bbd47fc00a2c39e90264f33305004495a9","hash":"9d2d1addc9ab17473a8e42a56929102d5809b4df"}
,"C:\\Users\\Aj\\HackReactor\\FEC-retry\\fec2025\\client\\src\\store\\SearchSlice.js": {"path":"C:\\Users\\Aj\\HackReactor\\FEC-retry\\fec2025\\client\\src\\store\\SearchSlice.js","statementMap":{"0":{"start":{"line":3,"column":20},"end":{"line":11,"column":2}},"1":{"start":{"line":8,"column":6},"end":{"line":8,"column":28}},"2":{"start":{"line":14,"column":29},"end":{"line":14,"column":48}}},"fnMap":{"0":{"name":"(anonymous_0)","decl":{"start":{"line":7,"column":15},"end":{"line":7,"column":16}},"loc":{"start":{"line":7,"column":34},"end":{"line":9,"column":5}},"line":7}},"branchMap":{},"s":{"0":5,"1":1,"2":5},"f":{"0":1},"b":{},"_coverageSchema":"1a1c01bbd47fc00a2c39e90264f33305004495a9","hash":"94f0e968da530eaf9f74745fcaceea5f7c669dd7"}
,"C:\\Users\\Aj\\HackReactor\\FEC-retry\\fec2025\\client\\src\\store\\Store.js": {"path":"C:\\Users\\Aj\\HackReactor\\FEC-retry\\fec2025\\client\\src\\store\\Store.js","statementMap":{"0":{"start":{"line":15,"column":14},"end":{"line":29,"column":2}}},"fnMap":{},"branchMap":{},"s":{"0":5},"f":{},"b":{},"_coverageSchema":"1a1c01bbd47fc00a2c39e90264f33305004495a9","hash":"de19bb2a8ca683d079d56200632c8e94a075dc20"}
,"C:\\Users\\Aj\\HackReactor\\FEC-retry\\fec2025\\client\\src\\store\\StylesSlice.js": {"path":"C:\\Users\\Aj\\HackReactor\\FEC-retry\\fec2025\\client\\src\\store\\StylesSlice.js","statementMap":{"0":{"start":{"line":3,"column":20},"end":{"line":18,"column":2}},"1":{"start":{"line":13,"column":6},"end":{"line":13,"column":36}},"2":{"start":{"line":22,"column":29},"end":{"line":22,"column":48}}},"fnMap":{"0":{"name":"(anonymous_0)","decl":{"start":{"line":12,"column":15},"end":{"line":12,"column":16}},"loc":{"start":{"line":12,"column":34},"end":{"line":14,"column":5}},"line":12}},"branchMap":{},"s":{"0":5,"1":5,"2":5},"f":{"0":5},"b":{},"_coverageSchema":"1a1c01bbd47fc00a2c39e90264f33305004495a9","hash":"dd068f5019903d1b971c7aebf019ce66a06041d4"}
,"C:\\Users\\Aj\\HackReactor\\FEC-retry\\fec2025\\client\\src\\tests\\Overview\\TestData\\dummyData.js": {"path":"C:\\Users\\Aj\\HackReactor\\FEC-retry\\fec2025\\client\\src\\tests\\Overview\\TestData\\dummyData.js","statementMap":{"0":{"start":{"line":1,"column":21},"end":{"line":13,"column":18}},"1":{"start":{"line":16,"column":20},"end":{"line":191,"column":19}}},"fnMap":{},"branchMap":{},"s":{"0":1,"1":1},"f":{},"b":{},"_coverageSchema":"1a1c01bbd47fc00a2c39e90264f33305004495a9","hash":"1dc35fa1beab2b6b80c861028a0252db2b33ae7b"}
}
