TN:
SF:client\src\components\App.jsx
FN:14,(anonymous_0)
FN:15,(anonymous_1)
FN:20,(anonymous_2)
FN:22,(anonymous_3)
FN:26,(anonymous_4)
FNF:5
FNH:4
FNDA:4,(anonymous_0)
FNDA:8,(anonymous_1)
FNDA:2,(anonymous_2)
FNDA:2,(anonymous_3)
FNDA:0,(anonymous_4)
DA:14,1
DA:15,8
DA:16,4
DA:18,4
DA:20,4
DA:21,2
DA:23,2
DA:27,0
DA:28,0
DA:30,0
DA:35,4
DA:50,1
LF:12
LH:9
BRDA:18,0,0,4
BRDA:18,0,1,4
BRDA:27,1,0,0
BRDA:27,1,1,0
BRF:4
BRH:2
end_of_record
TN:
SF:client\src\components\Overview\overview.jsx
FN:24,(anonymous_0)
FN:26,(anonymous_1)
FN:28,(anonymous_2)
FN:31,(anonymous_3)
FN:38,(anonymous_4)
FN:51,(anonymous_5)
FN:55,(anonymous_6)
FN:68,(anonymous_7)
FN:102,(anonymous_8)
FNF:9
FNH:8
FNDA:10,(anonymous_0)
FNDA:16,(anonymous_1)
FNDA:16,(anonymous_2)
FNDA:16,(anonymous_3)
FNDA:4,(anonymous_4)
FNDA:6,(anonymous_5)
FNDA:1,(anonymous_6)
FNDA:4,(anonymous_7)
FNDA:0,(anonymous_8)
DA:24,2
DA:25,10
DA:26,16
DA:28,16
DA:31,16
DA:32,10
DA:33,10
DA:38,10
DA:39,4
DA:41,3
DA:42,3
DA:43,0
DA:45,3
DA:46,3
DA:51,10
DA:53,6
DA:54,1
DA:57,1
DA:58,0
DA:59,0
DA:60,0
DA:61,0
DA:68,10
DA:70,4
DA:71,4
DA:72,0
DA:80,10
DA:81,10
DA:102,0
LF:29
LH:22
BRDA:39,0,0,3
BRDA:39,0,1,1
BRDA:53,1,0,1
BRDA:53,1,1,5
BRDA:57,2,0,0
BRDA:57,2,1,1
BRDA:71,3,0,0
BRDA:71,3,1,4
BRDA:80,4,0,0
BRDA:80,4,1,10
BRF:10
BRH:7
end_of_record
TN:
SF:client\src\components\Overview\overviewComponents\Gallery.jsx
FN:12,(anonymous_0)
FN:13,(anonymous_1)
FN:22,(anonymous_2)
FN:29,(anonymous_3)
FN:38,(anonymous_4)
FN:60,(anonymous_5)
FNF:6
FNH:6
FNDA:19,(anonymous_0)
FNDA:31,(anonymous_1)
FNDA:11,(anonymous_2)
FNDA:1,(anonymous_3)
FNDA:1,(anonymous_4)
FNDA:96,(anonymous_5)
DA:12,2
DA:13,31
DA:14,19
DA:15,19
DA:16,19
DA:17,19
DA:18,19
DA:22,19
DA:23,11
DA:24,8
DA:25,0
DA:27,8
DA:28,8
DA:31,1
DA:33,1
DA:40,1
DA:42,1
DA:55,19
DA:57,16
DA:61,96
DA:64,80
DA:72,3
LF:22
LH:21
BRDA:23,0,0,8
BRDA:23,0,1,3
BRDA:24,1,0,0
BRDA:24,1,1,8
BRDA:27,2,0,8
BRDA:27,2,1,0
BRDA:31,3,0,1
BRDA:31,3,1,0
BRDA:40,4,0,1
BRDA:40,4,1,0
BRDA:55,5,0,16
BRDA:55,5,1,3
BRDA:61,6,0,80
BRDA:61,6,1,16
BRDA:61,7,0,96
BRDA:61,7,1,94
BRF:16
BRH:12
end_of_record
TN:
SF:client\src\components\Overview\overviewComponents\GalleryAlt.jsx
FN:9,(anonymous_0)
FN:10,(anonymous_1)
FN:19,(anonymous_2)
FN:24,(anonymous_3)
FN:32,(anonymous_4)
FN:51,(anonymous_5)
FNF:6
FNH:6
FNDA:10,(anonymous_0)
FNDA:12,(anonymous_1)
FNDA:4,(anonymous_2)
FNDA:1,(anonymous_3)
FNDA:1,(anonymous_4)
FNDA:60,(anonymous_5)
DA:9,2
DA:10,12
DA:12,10
DA:14,10
DA:15,10
DA:19,10
DA:20,4
DA:22,4
DA:23,4
DA:25,1
DA:27,1
DA:33,1
DA:34,1
DA:46,10
DA:47,10
DA:52,60
DA:54,30
LF:17
LH:17
BRDA:20,0,0,4
BRDA:20,0,1,0
BRDA:22,1,0,4
BRDA:22,1,1,0
BRDA:25,2,0,1
BRDA:25,2,1,0
BRDA:33,3,0,1
BRDA:33,3,1,0
BRDA:46,4,0,10
BRDA:46,4,1,0
BRDA:52,5,0,30
BRDA:52,5,1,30
BRDA:52,6,0,60
BRDA:52,6,1,58
BRF:14
BRH:9
end_of_record
TN:
SF:client\src\components\Overview\overviewComponents\GalleryAltElement.jsx
FN:9,(anonymous_0)
FN:10,(anonymous_1)
FN:11,(anonymous_2)
FN:18,(anonymous_3)
FN:31,(anonymous_4)
FNF:5
FNH:4
FNDA:30,(anonymous_0)
FNDA:38,(anonymous_1)
FNDA:38,(anonymous_2)
FNDA:8,(anonymous_3)
FNDA:0,(anonymous_4)
DA:9,2
DA:10,38
DA:11,38
DA:12,30
DA:13,30
DA:15,30
DA:18,30
DA:20,8
DA:21,3
DA:23,5
DA:26,30
DA:27,30
DA:28,30
DA:34,0
DA:35,0
DA:54,0
DA:63,2
LF:17
LH:14
BRDA:20,0,0,3
BRDA:20,0,1,5
BRDA:26,1,0,30
BRDA:26,1,1,0
BRDA:26,2,0,30
BRDA:26,2,1,30
BRDA:26,2,2,0
BRF:7
BRH:5
end_of_record
TN:
SF:client\src\components\Overview\overviewComponents\GalleryElement.jsx
FN:9,(anonymous_0)
FN:10,(anonymous_1)
FN:11,(anonymous_2)
FN:19,(anonymous_3)
FN:43,(anonymous_4)
FNF:5
FNH:4
FNDA:84,(anonymous_0)
FNDA:123,(anonymous_1)
FNDA:123,(anonymous_2)
FNDA:29,(anonymous_3)
FNDA:0,(anonymous_4)
DA:9,2
DA:10,123
DA:11,123
DA:12,84
DA:14,84
DA:19,84
DA:20,29
DA:21,8
DA:31,21
DA:39,84
DA:40,82
DA:41,82
DA:45,0
DA:46,0
DA:51,2
DA:60,2
LF:16
LH:14
BRDA:20,0,0,8
BRDA:20,0,1,21
BRDA:39,1,0,82
BRDA:39,1,1,2
BRDA:39,2,0,84
BRDA:39,2,1,82
BRF:6
BRH:6
end_of_record
TN:
SF:client\src\components\Overview\overviewComponents\MainDisplay.jsx
FN:7,(anonymous_0)
FN:9,(anonymous_1)
FN:23,(anonymous_2)
FN:33,(anonymous_3)
FN:88,(anonymous_4)
FN:93,(anonymous_5)
FN:114,(anonymous_6)
FN:127,(anonymous_7)
FN:142,(anonymous_8)
FN:146,(anonymous_9)
FN:149,(anonymous_10)
FN:162,(anonymous_11)
FNF:12
FNH:8
FNDA:29,(anonymous_0)
FNDA:41,(anonymous_1)
FNDA:2,(anonymous_2)
FNDA:12,(anonymous_3)
FNDA:9,(anonymous_4)
FNDA:1,(anonymous_5)
FNDA:0,(anonymous_6)
FNDA:4,(anonymous_7)
FNDA:0,(anonymous_8)
FNDA:1,(anonymous_9)
FNDA:0,(anonymous_10)
FNDA:0,(anonymous_11)
DA:7,2
DA:9,41
DA:11,29
DA:12,29
DA:13,29
DA:19,29
DA:21,29
DA:22,29
DA:23,29
DA:24,2
DA:25,2
DA:26,2
DA:28,0
DA:33,29
DA:35,12
DA:36,8
DA:50,8
DA:58,4
DA:60,2
DA:74,2
DA:84,2
DA:88,29
DA:89,9
DA:90,1
DA:91,1
DA:93,1
DA:94,1
DA:95,1
DA:96,1
DA:97,1
DA:99,1
DA:100,1
DA:102,1
DA:114,1
DA:122,29
DA:123,25
DA:128,4
DA:129,0
DA:131,4
DA:140,4
DA:142,0
DA:147,1
DA:150,0
DA:152,0
DA:164,0
DA:165,0
DA:166,0
DA:168,0
LF:48
LH:39
BRDA:25,0,0,2
BRDA:25,0,1,0
BRDA:35,1,0,8
BRDA:35,1,1,4
BRDA:58,2,0,2
BRDA:58,2,1,2
BRDA:89,3,0,1
BRDA:89,3,1,8
BRDA:91,4,0,1
BRDA:91,4,1,0
BRDA:122,5,0,25
BRDA:122,5,1,4
BRDA:122,6,0,29
BRDA:122,6,1,25
BRDA:128,7,0,0
BRDA:128,7,1,4
BRDA:164,8,0,0
BRDA:164,8,1,0
BRF:18
BRH:13
end_of_record
TN:
SF:client\src\components\Overview\overviewComponents\MainDisplayModal.jsx
FN:4,(anonymous_0)
FNF:1
FNH:1
FNDA:4,(anonymous_0)
DA:4,2
DA:5,4
DA:7,4
DA:44,2
LF:4
LH:4
BRDA:5,0,0,0
BRDA:5,0,1,4
BRF:2
BRH:1
end_of_record
TN:
SF:client\src\components\Overview\overviewComponents\ProductForm.jsx
FN:9,(anonymous_0)
FN:18,(anonymous_1)
FN:20,(anonymous_2)
FN:23,(anonymous_3)
FN:41,(anonymous_4)
FN:43,(anonymous_5)
FN:49,(anonymous_6)
FN:56,(anonymous_7)
FN:60,(anonymous_8)
FN:79,(anonymous_9)
FN:112,(anonymous_10)
FN:118,(anonymous_11)
FN:121,(anonymous_12)
FNF:13
FNH:8
FNDA:12,(anonymous_0)
FNDA:18,(anonymous_1)
FNDA:4,(anonymous_2)
FNDA:6,(anonymous_3)
FNDA:5,(anonymous_4)
FNDA:0,(anonymous_5)
FNDA:0,(anonymous_6)
FNDA:0,(anonymous_7)
FNDA:0,(anonymous_8)
FNDA:1,(anonymous_9)
FNDA:18,(anonymous_10)
FNDA:0,(anonymous_11)
FNDA:2,(anonymous_12)
DA:9,2
DA:10,12
DA:11,12
DA:12,12
DA:13,12
DA:15,12
DA:16,12
DA:17,12
DA:18,18
DA:20,12
DA:22,4
DA:23,6
DA:24,1
DA:25,1
DA:26,1
DA:27,7
DA:29,1
DA:31,6
DA:32,6
DA:36,1
DA:41,12
DA:42,5
DA:43,4
DA:44,0
DA:47,0
DA:49,0
DA:50,0
DA:51,0
DA:54,0
DA:55,0
DA:58,0
DA:61,0
DA:68,0
DA:72,1
DA:75,12
DA:76,4
DA:81,1
DA:82,1
DA:83,1
DA:84,6
DA:85,1
DA:89,1
DA:90,1
DA:92,0
DA:94,1
DA:95,1
DA:96,0
DA:98,1
DA:99,1
DA:100,0
DA:101,0
DA:104,1
DA:107,1
DA:108,1
DA:113,18
DA:119,0
DA:122,2
LF:57
LH:42
BRDA:22,0,0,1
BRDA:22,0,1,3
BRDA:27,1,0,1
BRDA:27,1,1,6
BRDA:42,2,0,4
BRDA:42,2,1,1
BRDA:44,3,0,0
BRDA:44,3,1,0
BRDA:44,4,0,0
BRDA:44,4,1,0
BRDA:50,5,0,0
BRDA:50,5,1,0
BRDA:75,6,0,4
BRDA:75,6,1,8
BRDA:84,7,0,1
BRDA:84,7,1,5
BRDA:89,8,0,1
BRDA:89,8,1,0
BRDA:99,9,0,0
BRDA:99,9,1,1
BRF:20
BRH:12
end_of_record
TN:
SF:client\src\components\Overview\overviewComponents\Share.jsx
FN:4,(anonymous_0)
FNF:1
FNH:1
FNDA:10,(anonymous_0)
DA:4,2
DA:6,10
LF:2
LH:2
BRF:0
BRH:0
end_of_record
TN:
SF:client\src\components\Overview\overviewComponents\StarDisplay.jsx
FN:8,(anonymous_0)
FN:11,(anonymous_1)
FN:46,(anonymous_2)
FNF:3
FNH:3
FNDA:13,(anonymous_0)
FNDA:7,(anonymous_1)
FNDA:36,(anonymous_2)
DA:8,2
DA:9,13
DA:11,13
DA:12,7
DA:14,7
DA:15,7
DA:17,0
DA:19,7
DA:20,7
DA:22,0
DA:23,7
DA:25,0
DA:26,7
DA:28,0
DA:29,7
DA:31,0
DA:33,7
DA:34,7
DA:35,28
DA:37,7
DA:41,13
DA:47,36
LF:22
LH:17
BRDA:20,0,0,0
BRDA:20,0,1,7
BRDA:23,1,0,0
BRDA:23,1,1,7
BRDA:26,2,0,0
BRDA:26,2,1,7
BRDA:29,3,0,0
BRDA:29,3,1,7
BRF:8
BRH:4
end_of_record
TN:
SF:client\src\components\Overview\overviewComponents\Styles.jsx
FN:10,(anonymous_0)
FN:11,(anonymous_1)
FN:12,(anonymous_2)
FN:14,(anonymous_3)
FN:31,(anonymous_4)
FNF:5
FNH:5
FNDA:12,(anonymous_0)
FNDA:21,(anonymous_1)
FNDA:21,(anonymous_2)
FNDA:5,(anonymous_3)
FNDA:24,(anonymous_4)
DA:10,2
DA:11,21
DA:12,21
DA:13,12
DA:14,12
DA:15,5
DA:18,12
DA:20,4
DA:33,24
LF:9
LH:9
BRDA:13,0,0,12
BRDA:13,0,1,8
BRDA:18,1,0,4
BRDA:18,1,1,8
BRF:4
BRH:4
end_of_record
TN:
SF:client\src\components\Overview\overviewComponents\StylesElement.jsx
FN:9,(anonymous_0)
FN:10,(anonymous_1)
FN:11,(anonymous_2)
FN:20,(anonymous_3)
FN:43,(anonymous_4)
FNF:5
FNH:5
FNDA:36,(anonymous_0)
FNDA:60,(anonymous_1)
FNDA:60,(anonymous_2)
FNDA:18,(anonymous_3)
FNDA:1,(anonymous_4)
DA:9,2
DA:10,60
DA:11,60
DA:12,36
DA:13,36
DA:14,36
DA:19,36
DA:20,36
DA:21,18
DA:22,18
DA:23,3
DA:34,15
DA:41,36
DA:44,1
DA:45,1
DA:53,2
LF:16
LH:16
BRDA:21,0,0,18
BRDA:21,0,1,0
BRDA:22,1,0,3
BRDA:22,1,1,15
BRF:4
BRH:3
end_of_record
TN:
SF:client\src\components\Q&A\QA.jsx
FN:13,(anonymous_0)
FN:15,(anonymous_1)
FN:16,(anonymous_2)
FN:19,(anonymous_3)
FN:22,(anonymous_4)
FN:27,(anonymous_5)
FNF:6
FNH:4
FNDA:10,(anonymous_0)
FNDA:20,(anonymous_1)
FNDA:20,(anonymous_2)
FNDA:7,(anonymous_3)
FNDA:0,(anonymous_4)
FNDA:0,(anonymous_5)
DA:13,2
DA:14,10
DA:15,20
DA:16,20
DA:17,10
DA:18,10
DA:19,10
DA:20,7
DA:21,0
DA:23,0
DA:24,0
DA:25,0
DA:28,0
DA:29,0
DA:31,0
DA:37,10
LF:16
LH:9
BRDA:20,0,0,0
BRDA:20,0,1,7
BRDA:28,1,0,0
BRDA:28,1,1,0
BRDA:28,2,0,0
BRDA:28,2,1,0
BRDA:44,3,0,9
BRDA:44,3,1,1
BRF:8
BRH:3
end_of_record
TN:
SF:client\src\components\Q&A\Q&AComponents\Answer.jsx
FN:9,(anonymous_0)
FN:13,(anonymous_1)
FN:16,(anonymous_2)
FN:24,(anonymous_3)
FN:32,(anonymous_4)
FN:34,(anonymous_5)
FN:42,(anonymous_6)
FN:51,(anonymous_7)
FNF:8
FNH:6
FNDA:9,(anonymous_0)
FNDA:2,(anonymous_1)
FNDA:1,(anonymous_2)
FNDA:0,(anonymous_3)
FNDA:1,(anonymous_4)
FNDA:1,(anonymous_5)
FNDA:0,(anonymous_6)
FNDA:1,(anonymous_7)
DA:9,2
DA:11,9
DA:13,9
DA:14,2
DA:15,1
DA:17,1
DA:18,1
DA:19,1
DA:20,1
DA:25,0
DA:26,0
DA:29,1
DA:32,9
DA:33,1
DA:35,1
DA:36,1
DA:37,1
DA:38,1
DA:43,0
DA:47,9
DA:51,1
DA:59,2
LF:22
LH:19
BRDA:14,0,0,1
BRDA:14,0,1,1
BRDA:52,1,0,1
BRDA:52,1,1,8
BRF:4
BRH:4
end_of_record
TN:
SF:client\src\components\Q&A\Q&AComponents\Answers.jsx
FN:6,(anonymous_0)
FN:8,(anonymous_1)
FN:14,(anonymous_2)
FN:23,(anonymous_3)
FNF:4
FNH:2
FNDA:12,(anonymous_0)
FNDA:0,(anonymous_1)
FNDA:0,(anonymous_2)
FNDA:6,(anonymous_3)
DA:6,2
DA:7,12
DA:8,12
DA:9,0
DA:10,0
DA:11,0
DA:12,0
DA:14,12
DA:15,0
DA:16,0
DA:17,0
DA:18,0
DA:20,12
DA:23,6
DA:30,2
LF:15
LH:7
BRDA:22,0,0,3
BRDA:22,0,1,9
BRDA:23,1,0,6
BRDA:23,1,1,0
BRDA:25,2,0,0
BRDA:25,2,1,12
BRDA:25,3,0,12
BRDA:25,3,1,0
BRDA:25,4,0,0
BRDA:25,4,1,12
BRF:10
BRH:6
end_of_record
TN:
SF:client\src\components\Q&A\Q&AComponents\CreateAnswer.jsx
FN:10,(anonymous_0)
FN:11,(anonymous_1)
FN:16,(anonymous_2)
FN:17,(anonymous_3)
FN:18,(anonymous_4)
FN:29,(anonymous_5)
FN:36,(anonymous_6)
FN:40,(anonymous_7)
FN:43,(anonymous_8)
FN:50,(anonymous_9)
FN:55,(anonymous_10)
FN:58,(anonymous_11)
FN:100,(anonymous_12)
FNF:13
FNH:10
FNDA:15,(anonymous_0)
FNDA:20,(anonymous_1)
FNDA:2,(anonymous_2)
FNDA:0,(anonymous_3)
FNDA:2,(anonymous_4)
FNDA:1,(anonymous_5)
FNDA:0,(anonymous_6)
FNDA:2,(anonymous_7)
FNDA:1,(anonymous_8)
FNDA:0,(anonymous_9)
FNDA:1,(anonymous_10)
FNDA:1,(anonymous_11)
FNDA:2,(anonymous_12)
DA:10,2
DA:11,20
DA:12,15
DA:13,15
DA:14,15
DA:15,15
DA:16,15
DA:17,15
DA:18,15
DA:19,2
DA:20,2
DA:21,2
DA:22,2
DA:23,1
DA:26,1
DA:28,1
DA:30,1
DA:31,1
DA:32,1
DA:37,0
DA:40,15
DA:41,2
DA:42,1
DA:44,1
DA:45,1
DA:46,1
DA:50,0
DA:52,1
DA:55,15
DA:56,1
DA:57,1
DA:58,1
DA:59,1
DA:61,0
DA:62,0
DA:63,0
DA:68,15
DA:100,2
DA:114,2
LF:39
LH:34
BRDA:22,0,0,1
BRDA:22,0,1,1
BRDA:22,1,0,2
BRDA:22,1,1,2
BRDA:22,1,2,1
BRDA:41,2,0,1
BRDA:41,2,1,1
BRDA:57,3,0,1
BRDA:57,3,1,0
BRF:9
BRH:8
end_of_record
TN:
SF:client\src\components\Q&A\Q&AComponents\CreateQuestion.jsx
FN:11,(anonymous_0)
FN:13,(anonymous_1)
FN:14,(anonymous_2)
FN:17,(anonymous_3)
FN:18,(anonymous_4)
FN:19,(anonymous_5)
FN:30,(anonymous_6)
FN:37,(anonymous_7)
FN:41,(anonymous_8)
FN:47,(anonymous_9)
FNF:10
FNH:6
FNDA:11,(anonymous_0)
FNDA:21,(anonymous_1)
FNDA:21,(anonymous_2)
FNDA:2,(anonymous_3)
FNDA:0,(anonymous_4)
FNDA:2,(anonymous_5)
FNDA:1,(anonymous_6)
FNDA:0,(anonymous_7)
FNDA:0,(anonymous_8)
FNDA:0,(anonymous_9)
DA:11,2
DA:12,11
DA:13,21
DA:14,21
DA:15,11
DA:16,11
DA:17,11
DA:18,11
DA:19,11
DA:20,2
DA:21,2
DA:22,2
DA:23,2
DA:24,1
DA:27,1
DA:29,1
DA:31,1
DA:32,1
DA:33,1
DA:38,0
DA:41,11
DA:42,0
DA:43,0
DA:44,0
DA:45,0
DA:47,11
DA:48,0
DA:49,0
DA:50,0
DA:51,0
DA:53,11
DA:92,2
LF:32
LH:23
BRDA:23,0,0,1
BRDA:23,0,1,1
BRDA:23,1,0,2
BRDA:23,1,1,2
BRDA:23,1,2,1
BRDA:55,2,0,0
BRDA:55,2,1,11
BRDA:55,3,0,11
BRDA:55,3,1,0
BRDA:55,4,0,0
BRDA:55,4,1,11
BRF:11
BRH:8
end_of_record
TN:
SF:client\src\components\Q&A\Q&AComponents\Modal.jsx
FN:4,(anonymous_0)
FNF:1
FNH:1
FNDA:26,(anonymous_0)
DA:4,2
DA:5,26
DA:7,5
DA:29,2
LF:4
LH:4
BRDA:5,0,0,21
BRDA:5,0,1,5
BRF:2
BRH:2
end_of_record
TN:
SF:client\src\components\Q&A\Q&AComponents\Photo.jsx
FN:8,(anonymous_0)
FN:10,(anonymous_1)
FN:11,(anonymous_2)
FNF:3
FNH:2
FNDA:2,(anonymous_0)
FNDA:1,(anonymous_1)
FNDA:0,(anonymous_2)
DA:8,2
DA:9,2
DA:10,2
DA:11,2
DA:12,2
DA:22,2
LF:6
LH:6
BRF:0
BRH:0
end_of_record
TN:
SF:client\src\components\Q&A\Q&AComponents\Question.jsx
FN:9,(anonymous_0)
FN:12,(anonymous_1)
FN:13,(anonymous_2)
FN:18,(anonymous_3)
FNF:4
FNH:4
FNDA:10,(anonymous_0)
FNDA:15,(anonymous_1)
FNDA:5,(anonymous_2)
FNDA:1,(anonymous_3)
DA:9,2
DA:10,10
DA:11,10
DA:12,15
DA:13,10
DA:14,5
DA:15,5
DA:16,2
DA:18,5
DA:19,5
DA:20,5
DA:22,10
DA:33,2
LF:13
LH:13
BRF:0
BRH:0
end_of_record
TN:
SF:client\src\components\Q&A\Q&AComponents\Questions.jsx
FN:8,(anonymous_0)
FN:9,(anonymous_1)
FN:12,(anonymous_2)
FNF:3
FNH:2
FNDA:10,(anonymous_0)
FNDA:20,(anonymous_1)
FNDA:0,(anonymous_2)
DA:8,2
DA:9,20
DA:10,10
DA:13,0
DA:19,2
LF:5
LH:4
BRDA:12,0,0,0
BRDA:12,0,1,10
BRF:2
BRH:1
end_of_record
TN:
SF:client\src\components\Q&A\Q&AComponents\SearchQuestions.jsx
FN:12,(anonymous_0)
FN:13,(anonymous_1)
FN:17,(anonymous_2)
FN:27,(anonymous_3)
FN:36,(anonymous_4)
FN:39,(anonymous_5)
FNF:6
FNH:4
FNDA:11,(anonymous_0)
FNDA:21,(anonymous_1)
FNDA:1,(anonymous_2)
FNDA:0,(anonymous_3)
FNDA:1,(anonymous_4)
FNDA:0,(anonymous_5)
DA:12,2
DA:13,21
DA:14,11
DA:15,11
DA:16,11
DA:17,11
DA:18,1
DA:19,0
DA:21,1
DA:22,0
DA:23,0
DA:25,1
DA:27,1
DA:28,1
DA:29,1
DA:30,1
DA:31,1
DA:32,1
DA:34,0
DA:36,11
DA:37,1
DA:39,11
DA:40,0
DA:41,0
DA:42,0
DA:44,0
DA:45,0
DA:47,11
LF:28
LH:19
BRDA:18,0,0,0
BRDA:18,0,1,1
BRDA:21,1,0,0
BRDA:21,1,1,1
BRDA:28,2,0,1
BRDA:28,2,1,0
BRDA:41,3,0,0
BRDA:41,3,1,0
BRF:8
BRH:3
end_of_record
TN:
SF:client\src\components\Reviews\AddReviewModule.jsx
FN:13,(anonymous_0)
FN:14,(anonymous_1)
FN:15,(anonymous_2)
FN:26,(anonymous_3)
FN:29,(anonymous_4)
FN:32,(anonymous_5)
FN:35,(anonymous_6)
FN:38,(anonymous_7)
FN:41,(anonymous_8)
FN:58,(anonymous_9)
FN:62,(anonymous_10)
FN:66,(anonymous_11)
FN:70,(anonymous_12)
FN:80,(anonymous_13)
FN:82,(anonymous_14)
FN:99,(anonymous_15)
FN:102,(anonymous_16)
FN:106,(anonymous_17)
FN:113,(anonymous_18)
FN:415,(anonymous_19)
FN:419,(anonymous_20)
FN:425,(anonymous_21)
FN:426,(anonymous_22)
FN:443,(anonymous_23)
FN:446,(anonymous_24)
FN:457,(anonymous_25)
FNF:26
FNH:0
FNDA:0,(anonymous_0)
FNDA:0,(anonymous_1)
FNDA:0,(anonymous_2)
FNDA:0,(anonymous_3)
FNDA:0,(anonymous_4)
FNDA:0,(anonymous_5)
FNDA:0,(anonymous_6)
FNDA:0,(anonymous_7)
FNDA:0,(anonymous_8)
FNDA:0,(anonymous_9)
FNDA:0,(anonymous_10)
FNDA:0,(anonymous_11)
FNDA:0,(anonymous_12)
FNDA:0,(anonymous_13)
FNDA:0,(anonymous_14)
FNDA:0,(anonymous_15)
FNDA:0,(anonymous_16)
FNDA:0,(anonymous_17)
FNDA:0,(anonymous_18)
FNDA:0,(anonymous_19)
FNDA:0,(anonymous_20)
FNDA:0,(anonymous_21)
FNDA:0,(anonymous_22)
FNDA:0,(anonymous_23)
FNDA:0,(anonymous_24)
FNDA:0,(anonymous_25)
DA:13,2
DA:14,0
DA:15,0
DA:16,0
DA:17,0
DA:18,0
DA:19,0
DA:20,0
DA:21,0
DA:22,0
DA:23,0
DA:24,0
DA:26,0
DA:27,0
DA:29,0
DA:30,0
DA:32,0
DA:33,0
DA:35,0
DA:36,0
DA:38,0
DA:39,0
DA:41,0
DA:42,0
DA:44,0
DA:45,0
DA:50,0
DA:58,0
DA:59,0
DA:62,0
DA:63,0
DA:66,0
DA:67,0
DA:70,0
DA:71,0
DA:79,0
DA:80,0
DA:82,0
DA:83,0
DA:84,0
DA:85,0
DA:87,0
DA:100,0
DA:103,0
DA:106,0
DA:107,0
DA:108,0
DA:110,0
DA:113,0
DA:115,0
DA:116,0
DA:408,0
DA:409,0
DA:411,0
DA:413,0
DA:415,0
DA:420,0
DA:421,0
DA:425,0
DA:426,0
DA:443,0
DA:446,0
DA:457,0
DA:476,2
LF:64
LH:2
BRDA:80,0,0,0
BRDA:80,0,1,0
BRDA:107,1,0,0
BRDA:107,1,1,0
BRDA:430,2,0,0
BRDA:430,2,1,0
BRDA:430,3,0,0
BRDA:430,3,1,0
BRDA:436,4,0,0
BRDA:436,4,1,0
BRDA:441,5,0,0
BRDA:441,5,1,0
BRF:12
BRH:0
end_of_record
TN:
SF:client\src\components\Reviews\FileUpload.jsx
FN:5,(anonymous_0)
FN:7,(anonymous_1)
FN:10,(anonymous_2)
FN:20,(anonymous_3)
FN:27,(anonymous_4)
FN:28,(anonymous_5)
FN:45,(anonymous_6)
FN:53,(anonymous_7)
FNF:8
FNH:0
FNDA:0,(anonymous_0)
FNDA:0,(anonymous_1)
FNDA:0,(anonymous_2)
FNDA:0,(anonymous_3)
FNDA:0,(anonymous_4)
FNDA:0,(anonymous_5)
FNDA:0,(anonymous_6)
FNDA:0,(anonymous_7)
DA:5,2
DA:7,0
DA:8,0
DA:10,0
DA:12,0
DA:13,0
DA:14,0
DA:17,0
DA:18,0
DA:19,0
DA:20,0
DA:27,0
DA:28,0
DA:31,0
DA:46,0
DA:53,0
DA:63,2
LF:17
LH:2
BRDA:12,0,0,0
BRDA:12,0,1,0
BRDA:19,1,0,0
BRDA:19,1,1,0
BRDA:40,2,0,0
BRDA:40,2,1,0
BRF:6
BRH:0
end_of_record
TN:
SF:client\src\components\Reviews\PhotoModal.jsx
FN:4,(anonymous_0)
FNF:1
FNH:1
FNDA:2,(anonymous_0)
DA:4,3
DA:5,2
DA:7,1
DA:46,3
LF:4
LH:4
BRDA:5,0,0,1
BRDA:5,0,1,1
BRF:2
BRH:2
end_of_record
TN:
SF:client\src\components\Reviews\PhotoModule.jsx
FN:5,(anonymous_0)
FN:8,closeModal
FNF:2
FNH:0
FNDA:0,(anonymous_0)
FNDA:0,closeModal
DA:5,2
DA:6,0
DA:7,0
DA:9,0
DA:10,0
DA:13,0
DA:32,2
LF:7
LH:2
BRF:0
BRH:0
end_of_record
TN:
SF:client\src\components\Reviews\ReviewModal.jsx
FN:4,(anonymous_0)
FNF:1
FNH:0
FNDA:0,(anonymous_0)
DA:4,2
DA:5,0
DA:7,0
DA:46,2
LF:4
LH:2
BRDA:5,0,0,0
BRDA:5,0,1,0
BRF:2
BRH:0
end_of_record
TN:
SF:client\src\components\Reviews\Reviews.jsx
FN:11,(anonymous_0)
FN:12,(anonymous_1)
FN:17,(anonymous_2)
FN:27,(anonymous_3)
FN:30,(anonymous_4)
FN:37,(anonymous_5)
FN:40,(anonymous_6)
FNF:7
FNH:5
FNDA:6,(anonymous_0)
FNDA:13,(anonymous_1)
FNDA:4,(anonymous_2)
FNDA:1,(anonymous_3)
FNDA:0,(anonymous_4)
FNDA:1,(anonymous_5)
FNDA:0,(anonymous_6)
DA:11,2
DA:12,13
DA:13,6
DA:14,6
DA:15,6
DA:17,6
DA:18,4
DA:19,1
DA:28,1
DA:31,0
DA:34,1
DA:38,1
DA:41,0
DA:47,6
LF:14
LH:12
BRDA:18,0,0,1
BRDA:18,0,1,3
BRF:2
BRH:2
end_of_record
TN:
SF:client\src\components\Reviews\ReviewsList.jsx
FN:7,(anonymous_0)
FN:8,(anonymous_1)
FN:12,(anonymous_2)
FN:16,(anonymous_3)
FN:20,(anonymous_4)
FN:24,(anonymous_5)
FN:26,(anonymous_6)
FN:39,(anonymous_7)
FN:46,(anonymous_8)
FN:52,(anonymous_9)
FNF:10
FNH:5
FNDA:6,(anonymous_0)
FNDA:13,(anonymous_1)
FNDA:0,(anonymous_2)
FNDA:0,(anonymous_3)
FNDA:0,(anonymous_4)
FNDA:6,(anonymous_5)
FNDA:0,(anonymous_6)
FNDA:6,(anonymous_7)
FNDA:6,(anonymous_8)
FNDA:0,(anonymous_9)
DA:7,2
DA:8,13
DA:9,6
DA:10,6
DA:11,6
DA:12,6
DA:13,0
DA:16,6
DA:17,0
DA:20,6
DA:21,0
DA:24,6
DA:25,6
DA:26,0
DA:27,0
DA:28,0
DA:29,0
DA:31,0
DA:35,6
DA:39,6
DA:40,6
DA:41,6
DA:43,0
DA:46,6
DA:47,6
DA:48,6
DA:49,6
DA:50,6
DA:52,0
DA:55,6
DA:89,2
LF:31
LH:21
BRDA:25,0,0,0
BRDA:25,0,1,6
BRDA:27,1,0,0
BRDA:27,1,1,0
BRDA:40,2,0,6
BRDA:40,2,1,0
BRDA:49,3,0,6
BRDA:49,3,1,0
BRDA:75,4,0,6
BRDA:75,4,1,0
BRF:10
BRH:4
end_of_record
TN:
SF:client\src\components\Reviews\ReviewsListCard.jsx
FN:11,(anonymous_0)
FN:20,(anonymous_1)
FN:35,(anonymous_2)
FN:51,(anonymous_3)
FN:66,(anonymous_4)
FN:75,(anonymous_5)
FN:80,(anonymous_6)
FN:94,(anonymous_7)
FN:96,(anonymous_8)
FNF:9
FNH:0
FNDA:0,(anonymous_0)
FNDA:0,(anonymous_1)
FNDA:0,(anonymous_2)
FNDA:0,(anonymous_3)
FNDA:0,(anonymous_4)
FNDA:0,(anonymous_5)
FNDA:0,(anonymous_6)
FNDA:0,(anonymous_7)
FNDA:0,(anonymous_8)
DA:11,2
DA:12,0
DA:13,0
DA:14,0
DA:15,0
DA:20,0
DA:21,0
DA:22,0
DA:23,0
DA:24,0
DA:26,0
DA:27,0
DA:29,0
DA:30,0
DA:33,0
DA:35,0
DA:36,0
DA:37,0
DA:39,0
DA:40,0
DA:41,0
DA:51,0
DA:52,0
DA:53,0
DA:55,0
DA:56,0
DA:66,0
DA:67,0
DA:68,0
DA:69,0
DA:70,0
DA:71,0
DA:72,0
DA:73,0
DA:75,0
DA:76,0
DA:77,0
DA:78,0
DA:80,0
DA:83,0
DA:94,0
DA:96,0
DA:104,2
LF:43
LH:2
BRDA:26,0,0,0
BRDA:26,0,1,0
BRDA:36,1,0,0
BRDA:36,1,1,0
BRDA:52,2,0,0
BRDA:52,2,1,0
BRDA:77,3,0,0
BRDA:77,3,1,0
BRDA:80,4,0,0
BRDA:80,4,1,0
BRF:10
BRH:0
end_of_record
TN:
SF:client\src\components\Reviews\ReviewsListCardPhotos.jsx
FN:5,(anonymous_0)
FN:7,(anonymous_1)
FN:15,(anonymous_2)
FNF:3
FNH:0
FNDA:0,(anonymous_0)
FNDA:0,(anonymous_1)
FNDA:0,(anonymous_2)
DA:5,2
DA:6,0
DA:7,0
DA:8,0
DA:10,0
DA:11,0
DA:15,0
DA:19,0
DA:25,2
LF:9
LH:2
BRDA:8,0,0,0
BRDA:8,0,1,0
BRDA:10,1,0,0
BRDA:10,1,1,0
BRF:4
BRH:0
end_of_record
TN:
SF:client\src\components\Reviews\ReviewsSidebar.jsx
FN:6,(anonymous_0)
FN:7,(anonymous_1)
FN:8,(anonymous_2)
FN:18,(anonymous_3)
FNF:4
FNH:4
FNDA:7,(anonymous_0)
FNDA:14,(anonymous_1)
FNDA:7,(anonymous_2)
FNDA:7,(anonymous_3)
DA:6,2
DA:7,14
DA:8,7
DA:9,7
DA:10,7
DA:11,7
DA:13,0
DA:14,0
DA:15,0
DA:18,7
DA:19,7
DA:46,7
DA:47,7
DA:48,7
DA:49,7
DA:51,0
DA:52,0
DA:53,0
DA:54,0
DA:55,0
DA:70,0
DA:73,7
LF:22
LH:13
BRDA:10,0,0,7
BRDA:10,0,1,0
BRDA:48,1,0,7
BRDA:48,1,1,0
BRDA:52,2,0,0
BRDA:52,2,1,0
BRDA:63,3,0,0
BRDA:63,3,1,0
BRDA:64,4,0,0
BRDA:64,4,1,0
BRF:10
BRH:2
end_of_record
TN:
SF:client\src\components\Reviews\StarRatings.jsx
FN:7,(anonymous_0)
FN:8,(anonymous_1)
FN:14,(anonymous_2)
FN:27,(anonymous_3)
FNF:4
FNH:4
FNDA:4,(anonymous_0)
FNDA:8,(anonymous_1)
FNDA:4,(anonymous_2)
FNDA:4,(anonymous_3)
DA:7,1
DA:8,8
DA:9,4
DA:14,4
DA:15,4
DA:16,4
DA:17,4
DA:18,4
DA:20,0
DA:21,0
DA:22,0
DA:24,0
DA:27,4
DA:28,4
DA:29,4
DA:31,4
DA:32,0
DA:34,4
DA:35,0
DA:37,4
DA:38,20
DA:40,4
DA:43,4
LF:23
LH:17
BRDA:17,0,0,4
BRDA:17,0,1,0
BRDA:34,1,0,0
BRDA:34,1,1,4
BRF:4
BRH:2
end_of_record
TN:
SF:client\src\components\Reviews\AvgVisuals\StarChart.jsx
FN:7,(anonymous_0)
FN:11,(anonymous_1)
FN:13,(anonymous_2)
FNF:3
FNH:3
FNDA:7,(anonymous_0)
FNDA:4,(anonymous_1)
FNDA:4,(anonymous_2)
DA:4,2
DA:7,2
DA:9,7
DA:11,7
DA:12,4
DA:13,4
DA:14,4
DA:15,0
DA:20,7
DA:21,7
DA:24,0
DA:35,0
DA:90,0
DA:97,2
LF:14
LH:10
BRDA:14,0,0,0
BRDA:14,0,1,4
BRDA:20,1,0,7
BRDA:20,1,1,0
BRF:4
BRH:2
end_of_record
TN:
SF:client\src\components\Similar\Carousel.jsx
FN:10,(anonymous_0)
FN:16,(anonymous_1)
FN:30,(anonymous_2)
FN:31,(anonymous_3)
FN:34,(anonymous_4)
FN:35,(anonymous_5)
FN:38,(anonymous_6)
FN:55,(anonymous_7)
FN:60,(anonymous_8)
FN:61,(anonymous_9)
FN:86,(anonymous_10)
FN:87,(anonymous_11)
FN:97,(anonymous_12)
FN:106,(anonymous_13)
FN:110,(anonymous_14)
FNF:15
FNH:8
FNDA:5,(anonymous_0)
FNDA:5,(anonymous_1)
FNDA:0,(anonymous_2)
FNDA:0,(anonymous_3)
FNDA:0,(anonymous_4)
FNDA:0,(anonymous_5)
FNDA:6,(anonymous_6)
FNDA:4,(anonymous_7)
FNDA:0,(anonymous_8)
FNDA:0,(anonymous_9)
FNDA:6,(anonymous_10)
FNDA:6,(anonymous_11)
FNDA:1,(anonymous_12)
FNDA:1,(anonymous_13)
FNDA:0,(anonymous_14)
DA:10,2
DA:12,5
DA:13,5
DA:14,5
DA:16,5
DA:17,5
DA:20,5
DA:26,5
DA:27,0
DA:30,5
DA:31,0
DA:34,5
DA:35,0
DA:38,5
DA:39,6
DA:40,2
DA:43,4
DA:46,4
DA:55,5
DA:56,4
DA:57,4
DA:60,5
DA:61,0
DA:68,5
DA:86,6
DA:88,6
DA:98,1
DA:99,1
DA:106,1
DA:110,0
DA:129,2
LF:31
LH:26
BRDA:26,0,0,0
BRDA:26,0,1,5
BRDA:26,1,0,5
BRDA:26,1,1,5
BRDA:39,2,0,2
BRDA:39,2,1,4
BRDA:39,3,0,6
BRDA:39,3,1,6
BRDA:39,3,2,4
BRDA:43,4,0,4
BRDA:43,4,1,0
BRDA:46,5,0,4
BRDA:46,5,1,0
BRDA:56,6,0,4
BRDA:56,6,1,0
BRDA:57,7,0,4
BRDA:57,7,1,0
BRDA:57,8,0,0
BRDA:57,8,1,0
BRDA:85,9,0,5
BRDA:85,9,1,5
BRDA:86,10,0,6
BRDA:86,10,1,6
BRDA:102,11,0,4
BRDA:102,11,1,2
BRDA:103,12,0,4
BRDA:103,12,1,4
BRDA:114,13,0,6
BRDA:114,13,1,0
BRF:29
BRH:21
end_of_record
TN:
SF:client\src\components\Similar\Compare.jsx
FN:4,(anonymous_0)
FN:7,(anonymous_1)
FN:8,(anonymous_2)
FN:27,(anonymous_3)
FN:28,(anonymous_4)
FN:29,(anonymous_5)
FNF:6
FNH:6
FNDA:1,(anonymous_0)
FNDA:2,(anonymous_1)
FNDA:2,(anonymous_2)
FNDA:2,(anonymous_3)
FNDA:3,(anonymous_4)
FNDA:3,(anonymous_5)
DA:4,2
DA:6,1
DA:7,2
DA:8,2
DA:11,1
DA:28,3
DA:29,3
DA:30,2
DA:48,2
LF:9
LH:9
BRDA:7,0,0,1
BRDA:7,0,1,0
BRDA:8,1,0,1
BRDA:8,1,1,0
BRDA:28,2,0,2
BRDA:28,2,1,0
BRDA:29,3,0,2
BRDA:29,3,1,0
BRDA:32,4,0,2
BRDA:32,4,1,0
BRDA:35,5,0,2
BRDA:35,5,1,0
BRDA:35,6,0,2
BRDA:35,6,1,0
BRDA:35,7,0,2
BRDA:35,7,1,0
BRDA:37,8,0,2
BRDA:37,8,1,0
BRF:18
BRH:9
end_of_record
TN:
SF:client\src\components\Similar\Hover.jsx
FN:4,(anonymous_0)
FN:9,(anonymous_1)
FN:17,(anonymous_2)
FN:18,(anonymous_3)
FN:21,(anonymous_4)
FN:22,(anonymous_5)
FN:25,(anonymous_6)
FN:46,(anonymous_7)
FN:49,(anonymous_8)
FNF:9
FNH:4
FNDA:7,(anonymous_0)
FNDA:7,(anonymous_1)
FNDA:0,(anonymous_2)
FNDA:0,(anonymous_3)
FNDA:0,(anonymous_4)
FNDA:0,(anonymous_5)
FNDA:5,(anonymous_6)
FNDA:5,(anonymous_7)
FNDA:0,(anonymous_8)
DA:4,2
DA:6,7
DA:7,7
DA:9,7
DA:10,7
DA:13,7
DA:14,2
DA:17,5
DA:18,0
DA:21,5
DA:22,0
DA:25,5
DA:26,5
DA:27,5
DA:30,5
DA:47,5
DA:49,0
DA:68,2
LF:18
LH:15
BRDA:13,0,0,2
BRDA:13,0,1,5
BRDA:13,1,0,7
BRDA:13,1,1,7
BRDA:13,1,2,5
BRDA:26,2,0,5
BRDA:26,2,1,0
BRDA:27,3,0,5
BRDA:27,3,1,0
BRDA:27,4,0,0
BRDA:27,4,1,0
BRDA:46,5,0,5
BRDA:46,5,1,5
BRF:13
BRH:9
end_of_record
TN:
SF:client\src\components\Similar\Outfit.jsx
FN:6,(anonymous_0)
FN:12,(anonymous_1)
FN:16,(anonymous_2)
FN:17,(anonymous_3)
FN:19,(anonymous_4)
FN:23,(anonymous_5)
FN:24,(anonymous_6)
FN:27,(anonymous_7)
FN:27,(anonymous_8)
FN:30,(anonymous_9)
FN:30,(anonymous_10)
FN:33,(anonymous_11)
FN:45,(anonymous_12)
FN:71,(anonymous_13)
FN:78,(anonymous_14)
FN:85,(anonymous_15)
FNF:16
FNH:7
FNDA:20,(anonymous_0)
FNDA:10,(anonymous_1)
FNDA:1,(anonymous_2)
FNDA:0,(anonymous_3)
FNDA:1,(anonymous_4)
FNDA:0,(anonymous_5)
FNDA:0,(anonymous_6)
FNDA:0,(anonymous_7)
FNDA:0,(anonymous_8)
FNDA:0,(anonymous_9)
FNDA:0,(anonymous_10)
FNDA:2,(anonymous_11)
FNDA:2,(anonymous_12)
FNDA:2,(anonymous_13)
FNDA:0,(anonymous_14)
FNDA:0,(anonymous_15)
DA:6,2
DA:8,20
DA:9,20
DA:10,20
DA:12,20
DA:13,10
DA:16,20
DA:17,1
DA:18,1
DA:19,1
DA:23,20
DA:24,0
DA:27,20
DA:30,20
DA:33,20
DA:34,2
DA:36,2
DA:45,20
DA:46,2
DA:47,2
DA:51,20
DA:72,2
DA:79,0
DA:80,0
DA:85,0
DA:112,2
LF:26
LH:22
BRDA:18,0,0,1
BRDA:18,0,1,0
BRDA:36,1,0,2
BRDA:36,1,1,0
BRDA:46,2,0,2
BRDA:46,2,1,0
BRDA:47,3,0,2
BRDA:47,3,1,0
BRDA:47,4,0,0
BRDA:47,4,1,0
BRDA:95,5,0,20
BRDA:95,5,1,0
BRF:12
BRH:5
end_of_record
TN:
SF:client\src\components\Similar\similar.jsx
FN:14,(anonymous_0)
FN:15,(anonymous_1)
FN:27,(anonymous_2)
FN:32,(anonymous_3)
FN:35,(anonymous_4)
FN:36,(anonymous_5)
FN:42,(anonymous_6)
FN:47,(anonymous_7)
FN:52,(anonymous_8)
FN:55,(anonymous_9)
FN:56,(anonymous_10)
FN:62,(anonymous_11)
FN:67,(anonymous_12)
FN:77,(anonymous_13)
FN:82,(anonymous_14)
FN:87,(anonymous_15)
FN:89,(anonymous_16)
FN:92,(anonymous_17)
FN:97,(anonymous_18)
FN:105,(anonymous_19)
FN:107,(anonymous_20)
FN:108,(anonymous_21)
FN:118,(anonymous_22)
FN:122,(anonymous_23)
FN:127,(anonymous_24)
FNF:25
FNH:18
FNDA:13,(anonymous_0)
FNDA:21,(anonymous_1)
FNDA:3,(anonymous_2)
FNDA:6,(anonymous_3)
FNDA:3,(anonymous_4)
FNDA:6,(anonymous_5)
FNDA:0,(anonymous_6)
FNDA:3,(anonymous_7)
FNDA:6,(anonymous_8)
FNDA:3,(anonymous_9)
FNDA:6,(anonymous_10)
FNDA:0,(anonymous_11)
FNDA:3,(anonymous_12)
FNDA:3,(anonymous_13)
FNDA:0,(anonymous_14)
FNDA:3,(anonymous_15)
FNDA:3,(anonymous_16)
FNDA:0,(anonymous_17)
FNDA:6,(anonymous_18)
FNDA:9,(anonymous_19)
FNDA:2,(anonymous_20)
FNDA:3,(anonymous_21)
FNDA:0,(anonymous_22)
FNDA:0,(anonymous_23)
FNDA:0,(anonymous_24)
DA:14,2
DA:15,21
DA:17,13
DA:19,13
DA:20,13
DA:21,13
DA:22,13
DA:23,13
DA:24,13
DA:25,13
DA:27,13
DA:28,3
DA:29,0
DA:30,0
DA:32,3
DA:33,6
DA:34,3
DA:36,6
DA:40,3
DA:43,0
DA:47,13
DA:48,3
DA:49,0
DA:50,0
DA:52,3
DA:53,6
DA:54,3
DA:56,6
DA:60,3
DA:63,0
DA:67,13
DA:68,3
DA:69,3
DA:70,3
DA:72,3
DA:73,0
DA:74,0
DA:76,3
DA:79,3
DA:80,3
DA:83,0
DA:87,13
DA:88,3
DA:90,3
DA:93,0
DA:97,13
DA:98,6
DA:99,3
DA:100,3
DA:101,3
DA:105,13
DA:106,9
DA:107,1
DA:108,3
DA:109,2
DA:114,1
DA:118,13
DA:119,0
DA:122,13
DA:123,0
DA:124,0
DA:127,13
DA:128,0
DA:129,0
DA:134,13
LF:65
LH:50
BRDA:28,0,0,0
BRDA:28,0,1,3
BRDA:28,1,0,3
BRDA:28,1,1,3
BRDA:48,2,0,0
BRDA:48,2,1,3
BRDA:48,3,0,3
BRDA:48,3,1,3
BRDA:72,4,0,0
BRDA:72,4,1,3
BRDA:98,5,0,3
BRDA:98,5,1,3
BRDA:106,6,0,1
BRDA:106,6,1,8
BRDA:106,7,0,9
BRDA:106,7,1,1
BRDA:137,8,0,1
BRDA:137,8,1,12
BRDA:147,9,0,13
BRDA:147,9,1,0
BRF:20
BRH:16
end_of_record
TN:
SF:client\src\store\GallerySelectionSlice.js
FN:12,(anonymous_0)
FNF:1
FNH:0
FNDA:0,(anonymous_0)
DA:3,5
DA:13,0
DA:22,5
LF:3
LH:2
BRF:0
BRH:0
end_of_record
TN:
SF:client\src\store\GallerySlice.js
FN:12,(anonymous_0)
FNF:1
FNH:1
FNDA:6,(anonymous_0)
DA:3,5
DA:13,6
DA:22,5
LF:3
LH:3
BRF:0
BRH:0
end_of_record
TN:
SF:client\src\store\OverviewSlice.js
FN:12,(anonymous_0)
FNF:1
FNH:0
FNDA:0,(anonymous_0)
DA:3,5
DA:13,0
DA:24,5
LF:3
LH:2
BRF:0
BRH:0
end_of_record
TN:
SF:client\src\store\PictureSlice.js
FN:13,(anonymous_0)
FNF:1
FNH:1
FNDA:6,(anonymous_0)
DA:3,5
DA:14,6
DA:23,5
LF:3
LH:3
BRF:0
BRH:0
end_of_record
TN:
SF:client\src\store\ProductSlice.js
FN:8,(anonymous_0)
FNF:1
FNH:1
FNDA:8,(anonymous_0)
DA:3,5
DA:9,8
DA:15,5
LF:3
LH:3
BRF:0
BRH:0
end_of_record
TN:
SF:client\src\store\QuestionsSlice.js
FN:7,(anonymous_0)
FNF:1
FNH:1
FNDA:1,(anonymous_0)
DA:3,5
DA:8,1
DA:14,5
LF:3
LH:3
BRF:0
BRH:0
end_of_record
TN:
SF:client\src\store\RelatedSlice.js
FN:7,(anonymous_0)
FNF:1
FNH:0
FNDA:0,(anonymous_0)
DA:3,5
DA:8,0
DA:14,5
LF:3
LH:2
BRF:0
BRH:0
end_of_record
TN:
SF:client\src\store\ReviewsMetaSlice.js
FN:7,(anonymous_0)
FNF:1
FNH:1
FNDA:1,(anonymous_0)
DA:3,5
DA:8,1
DA:14,5
LF:3
LH:3
BRF:0
BRH:0
end_of_record
TN:
SF:client\src\store\ReviewsSlice.js
FN:7,(anonymous_0)
FNF:1
FNH:1
FNDA:1,(anonymous_0)
DA:3,5
DA:8,1
DA:14,5
LF:3
LH:3
BRF:0
BRH:0
end_of_record
TN:
SF:client\src\store\SearchSlice.js
FN:7,(anonymous_0)
FNF:1
FNH:1
FNDA:1,(anonymous_0)
DA:3,5
DA:8,1
DA:14,5
LF:3
LH:3
BRF:0
BRH:0
end_of_record
TN:
SF:client\src\store\Store.js
FNF:0
FNH:0
DA:15,5
LF:1
LH:1
BRF:0
BRH:0
end_of_record
TN:
SF:client\src\store\StylesSlice.js
FN:12,(anonymous_0)
FNF:1
FNH:1
FNDA:5,(anonymous_0)
DA:3,5
DA:13,5
DA:22,5
LF:3
LH:3
BRF:0
BRH:0
end_of_record
TN:
SF:client\src\tests\Overview\TestData\dummyData.js
FNF:0
FNH:0
DA:1,1
DA:16,1
LF:2
LH:2
BRF:0
BRH:0
end_of_record
